
Root grid = 1 x 1 x 1 MeshBlocks
Total number of MeshBlocks = 1
Number of logical  levels of refinement = 0 (1 levels total)
Number of physical levels of refinement = 0 (1 levels total)
Number of parallel ranks = 1

Setup complete, executing task list(s)...

elapsed=6.356250e-04 cycle=0 time=0.000000e+00 dt=1.932336e-03
elapsed=1.160125e-03 cycle=1 time=1.932336e-03 dt=1.932590e-03
elapsed=1.641625e-03 cycle=2 time=3.864926e-03 dt=1.932845e-03
elapsed=2.288083e-03 cycle=3 time=5.797772e-03 dt=1.933102e-03
elapsed=2.765666e-03 cycle=4 time=7.730873e-03 dt=1.933360e-03
elapsed=3.227791e-03 cycle=5 time=9.664233e-03 dt=1.933619e-03
elapsed=3.687208e-03 cycle=6 time=1.159785e-02 dt=1.933879e-03
elapsed=4.151125e-03 cycle=7 time=1.353173e-02 dt=1.934141e-03
elapsed=4.612958e-03 cycle=8 time=1.546587e-02 dt=1.934404e-03
elapsed=5.073041e-03 cycle=9 time=1.740028e-02 dt=1.934668e-03
elapsed=5.535291e-03 cycle=10 time=1.933494e-02 dt=1.934933e-03
elapsed=6.002958e-03 cycle=11 time=2.126988e-02 dt=1.935199e-03
elapsed=6.473708e-03 cycle=12 time=2.320508e-02 dt=1.935467e-03
elapsed=6.942708e-03 cycle=13 time=2.514054e-02 dt=1.935736e-03
elapsed=7.403083e-03 cycle=14 time=2.707628e-02 dt=1.936005e-03
elapsed=7.864041e-03 cycle=15 time=2.901228e-02 dt=1.936276e-03
elapsed=8.322625e-03 cycle=16 time=3.094856e-02 dt=1.936547e-03
elapsed=8.784583e-03 cycle=17 time=3.288511e-02 dt=1.936820e-03
elapsed=9.245583e-03 cycle=18 time=3.482193e-02 dt=1.937093e-03
elapsed=9.711333e-03 cycle=19 time=3.675902e-02 dt=1.937368e-03
elapsed=1.016946e-02 cycle=20 time=3.869639e-02 dt=1.937643e-03
elapsed=1.063333e-02 cycle=21 time=4.063403e-02 dt=1.937920e-03
elapsed=1.109108e-02 cycle=22 time=4.257195e-02 dt=1.938197e-03
elapsed=1.155521e-02 cycle=23 time=4.451015e-02 dt=1.938475e-03
elapsed=1.201512e-02 cycle=24 time=4.644862e-02 dt=1.938755e-03
elapsed=1.248871e-02 cycle=25 time=4.838738e-02 dt=1.939035e-03
elapsed=1.295662e-02 cycle=26 time=5.032641e-02 dt=1.939315e-03
elapsed=1.342758e-02 cycle=27 time=5.226573e-02 dt=1.939597e-03
elapsed=1.389588e-02 cycle=28 time=5.420533e-02 dt=1.939879e-03
elapsed=1.473200e-02 cycle=29 time=5.614520e-02 dt=1.940163e-03
elapsed=1.524183e-02 cycle=30 time=5.808537e-02 dt=1.940447e-03
elapsed=1.573675e-02 cycle=31 time=6.002581e-02 dt=1.940731e-03
elapsed=1.621342e-02 cycle=32 time=6.196655e-02 dt=1.941015e-03
elapsed=1.668292e-02 cycle=33 time=6.390756e-02 dt=1.941301e-03
elapsed=1.715208e-02 cycle=34 time=6.584886e-02 dt=1.941587e-03
elapsed=1.761425e-02 cycle=35 time=6.779045e-02 dt=1.941873e-03
elapsed=1.808179e-02 cycle=36 time=6.973232e-02 dt=1.942161e-03
elapsed=1.855900e-02 cycle=37 time=7.167448e-02 dt=1.942449e-03
elapsed=1.903100e-02 cycle=38 time=7.361693e-02 dt=1.942737e-03
elapsed=1.949867e-02 cycle=39 time=7.555967e-02 dt=1.943027e-03
elapsed=1.996554e-02 cycle=40 time=7.750269e-02 dt=1.943316e-03
elapsed=2.044221e-02 cycle=41 time=7.944601e-02 dt=1.943607e-03
elapsed=2.091700e-02 cycle=42 time=8.138962e-02 dt=1.943898e-03
elapsed=2.138392e-02 cycle=43 time=8.333351e-02 dt=1.944189e-03
elapsed=2.185733e-02 cycle=44 time=8.527770e-02 dt=1.944481e-03
elapsed=2.234687e-02 cycle=45 time=8.722218e-02 dt=1.944773e-03
elapsed=2.287708e-02 cycle=46 time=8.916696e-02 dt=1.945066e-03
elapsed=2.334558e-02 cycle=47 time=9.111202e-02 dt=1.945360e-03
elapsed=2.380625e-02 cycle=48 time=9.305738e-02 dt=1.945654e-03
elapsed=2.430679e-02 cycle=49 time=9.500304e-02 dt=1.945948e-03
elapsed=2.478642e-02 cycle=50 time=9.694899e-02 dt=1.946243e-03
elapsed=2.525737e-02 cycle=51 time=9.889523e-02 dt=1.946539e-03
elapsed=2.572662e-02 cycle=52 time=1.008418e-01 dt=1.946834e-03
elapsed=2.626092e-02 cycle=53 time=1.027886e-01 dt=1.947131e-03
elapsed=2.675450e-02 cycle=54 time=1.047357e-01 dt=1.947427e-03
elapsed=2.722142e-02 cycle=55 time=1.066832e-01 dt=1.947724e-03
elapsed=2.768371e-02 cycle=56 time=1.086309e-01 dt=1.948022e-03
elapsed=2.814608e-02 cycle=57 time=1.105789e-01 dt=1.948319e-03
elapsed=2.860654e-02 cycle=58 time=1.125272e-01 dt=1.948617e-03
elapsed=2.906650e-02 cycle=59 time=1.144758e-01 dt=1.948916e-03
elapsed=2.952733e-02 cycle=60 time=1.164248e-01 dt=1.949214e-03
elapsed=2.998758e-02 cycle=61 time=1.183740e-01 dt=1.949513e-03
elapsed=3.044783e-02 cycle=62 time=1.203235e-01 dt=1.949812e-03
elapsed=3.091058e-02 cycle=63 time=1.222733e-01 dt=1.950112e-03
elapsed=3.139208e-02 cycle=64 time=1.242234e-01 dt=1.950411e-03
elapsed=3.187108e-02 cycle=65 time=1.261738e-01 dt=1.950711e-03
elapsed=3.233833e-02 cycle=66 time=1.281245e-01 dt=1.951011e-03
elapsed=3.279975e-02 cycle=67 time=1.300755e-01 dt=1.951311e-03
elapsed=3.326183e-02 cycle=68 time=1.320269e-01 dt=1.951611e-03
elapsed=3.372271e-02 cycle=69 time=1.339785e-01 dt=1.951912e-03
elapsed=3.421158e-02 cycle=70 time=1.359304e-01 dt=1.952212e-03
elapsed=3.469042e-02 cycle=71 time=1.378826e-01 dt=1.952513e-03
elapsed=3.515837e-02 cycle=72 time=1.398351e-01 dt=1.952814e-03
elapsed=3.562608e-02 cycle=73 time=1.417879e-01 dt=1.953115e-03
elapsed=3.609346e-02 cycle=74 time=1.437410e-01 dt=1.953416e-03
elapsed=3.656217e-02 cycle=75 time=1.456944e-01 dt=1.953717e-03
elapsed=3.702829e-02 cycle=76 time=1.476482e-01 dt=1.954018e-03
elapsed=3.749367e-02 cycle=77 time=1.496022e-01 dt=3.978210e-04
elapsed=3.809079e-02 cycle=78 time=1.500000e-01 dt=7.956420e-04

Terminating on time limit
time=1.500000e-01 cycle=78
tlim=1.500000e-01 nlim=1000

MeshBlock-cycles = 78
cpu time used  = 3.745667e-02
zone-cycles/cpu_second = 1.066192e+06
particle-updates/cpu_second = 2.082406e+03
