=== Building AthenaK on Frontier with AMR turbulence ===
=== Building AthenaK on Frontier with AMR turbulence ===
=== Build started at Tue Sep  2 11:29:58 PM EDT 2025 ===
=== Build started at Tue Sep  2 11:29:58 PM EDT 2025 ===
Unloading the cpe module is insufficient to restore the system defaults.
Please run 'source /opt/cray/pe/cpe/24.07/restore_lmod_system_defaults.[csh|sh]'.
Running "module reset". Resetting modules to system default. The following $MODULEPATH directories have been removed: /opt/cray/pe/lmod/modulefiles/mpi/amd/4.0/ofi/1.0/cray-mpich/8.0

Due to MODULEPATH changes, the following have been reloaded:
  1) cray-mpich/8.1.30

The following have been reloaded with a version change:
  1) cray-libsci/24.11.0 => cray-libsci/24.07.0     2) craype/2.7.33 => craype/2.7.32


Lmod is automatically replacing "cce/18.0.0" with "amd/6.2.4".


Lmod is automatically replacing "PrgEnv-cray/8.5.0" with "PrgEnv-amd/8.6.0".


Inactive Modules:
  1) darshan-runtime

Due to MODULEPATH changes, the following have been reloaded:
  1) cray-mpich/8.1.30

The following have been reloaded with a version change:
  1) cray-libsci/24.07.0 => cray-libsci/24.11.0     2) craype/2.7.32 => craype/2.7.33

=== Loaded modules ===
craype-x86-trento
libfabric/1.22.0
craype-network-ofi
xpmem/2.11.3-1.3_gdbda01a1eb3d
Core/25.03
tmux/3.4
hsi/default
lfs-wrapper/0.0.1
DefApps
cray-pmi/6.1.15.21
perftools-base/24.07.0
cpe/24.07
craype/2.7.33
cray-dsmml/0.3.0
PrgEnv-amd/8.6.0
craype-accel-amd-gfx90a
amd/6.2.0
cray-libsci/24.11.0
cray-mpich/8.1.30
rocm/6.2.0
cmake/3.30.5
cray-python/3.11.7
emacs/29.4
=== Setting up build directory ===
Removing existing build directory...
=== Configuring with CMake ===
-- The C compiler identification is Clang 18.0.0
-- The CXX compiler identification is Clang 18.0.0
-- Cray Programming Environment 2.7.33 C
-- Detecting C compiler ABI info
-- Detecting C compiler ABI info - done
-- Check for working C compiler: /opt/cray/pe/craype/2.7.33/bin/cc - skipped
-- Detecting C compile features
-- Detecting C compile features - done
-- Cray Programming Environment 2.7.33 CXX
-- Detecting CXX compiler ABI info
-- Detecting CXX compiler ABI info - done
-- Check for working CXX compiler: /opt/cray/pe/craype/2.7.33/bin/CC - skipped
-- Detecting CXX compile features
-- Detecting CXX compile features - done
-- Setting build type to 'Release' as none was specified.
-- Found MPI_CXX: /opt/cray/pe/craype/2.7.33/bin/CC (found version "3.1")
-- Found MPI: TRUE (found version "3.1") found components: CXX
-- Including user-specified problem generator file: turb_timed_amr
-- Setting default Kokkos CXX standard to 17
-- Kokkos version: 4.4.0
-- The project name is: Kokkos
-- Using internal gtest for testing
-- Configured git information in /ccs/home/dfielding/athenak-df/build_turb/generated/Kokkos_Version_Info.cpp
-- Compiler Version: 18.0.0
-- SERIAL backend is being turned on to ensure there is at least one Host space. To change this, you must enable another host execution space and configure with -DKokkos_ENABLE_SERIAL=OFF or change CMakeCache.txt
-- Using -std=c++17 for C++17 standard as feature
-- Built-in Execution Spaces:
--     Device Parallel: Kokkos::HIP
--     Host Parallel: NoTypeDefined
--       Host Serial: SERIAL
-- 
-- Architectures:
--  ZEN3
--  VEGA90A
-- Found TPLLIBDL: /usr/include
-- Found TPLROCM: /opt/rocm-6.2.0/lib/libamdhip64.so
-- Performing Test CMAKE_HAVE_LIBC_PTHREAD
-- Performing Test CMAKE_HAVE_LIBC_PTHREAD - Success
-- Found Threads: TRUE
-- Performing Test HIP_CLANG_SUPPORTS_PARALLEL_JOBS
-- Performing Test HIP_CLANG_SUPPORTS_PARALLEL_JOBS - Success
-- Using internal desul_atomics copy
-- Experimental mdspan support is enabled
-- Looking for C++ include experimental/mdspan
-- Looking for C++ include experimental/mdspan - not found
-- Looking for C++ include mdspan
-- Looking for C++ include mdspan - not found
-- Using internal mdspan directory /ccs/home/dfielding/athenak-df/kokkos/core/src/../../tpls/mdspan/include
-- Kokkos Backends: SERIAL;HIP
-- Configuring done (2.7s)
-- Generating done (0.7s)
-- Build files have been written to: /ccs/home/dfielding/athenak-df/build_turb
=== Building AthenaK ===
[  1%] Building CXX object kokkos/simd/src/CMakeFiles/kokkossimd.dir/Kokkos_SIMD_dummy.cpp.o
[  1%] Building CXX object kokkos/core/src/CMakeFiles/kokkoscore.dir/impl/Kokkos_Abort.cpp.o
[  2%] Building CXX object kokkos/core/src/CMakeFiles/kokkoscore.dir/impl/Kokkos_CPUDiscovery.cpp.o
[  3%] Building CXX object kokkos/core/src/CMakeFiles/kokkoscore.dir/impl/Kokkos_Core.cpp.o
[  4%] Building CXX object kokkos/core/src/CMakeFiles/kokkoscore.dir/impl/Kokkos_ExecPolicy.cpp.o
[  4%] Building CXX object kokkos/core/src/CMakeFiles/kokkoscore.dir/impl/Kokkos_Command_Line_Parsing.cpp.o
[  5%] Building CXX object kokkos/core/src/CMakeFiles/kokkoscore.dir/impl/Kokkos_Error.cpp.o
[  6%] Building CXX object kokkos/core/src/CMakeFiles/kokkoscore.dir/impl/Kokkos_HostSpace_deepcopy.cpp.o
[  7%] Building CXX object kokkos/core/src/CMakeFiles/kokkoscore.dir/impl/Kokkos_HostSpace.cpp.o
[  7%] Building CXX object kokkos/core/src/CMakeFiles/kokkoscore.dir/impl/Kokkos_HostBarrier.cpp.o
[  9%] Building CXX object kokkos/core/src/CMakeFiles/kokkoscore.dir/impl/Kokkos_Profiling.cpp.o
[  9%] Building CXX object kokkos/core/src/CMakeFiles/kokkoscore.dir/impl/Kokkos_Stacktrace.cpp.o
[  9%] Building CXX object kokkos/core/src/CMakeFiles/kokkoscore.dir/impl/Kokkos_MemoryPool.cpp.o
[  9%] Building CXX object kokkos/core/src/CMakeFiles/kokkoscore.dir/impl/Kokkos_HostThreadTeam.cpp.o
[  9%] Building CXX object kokkos/core/src/CMakeFiles/kokkoscore.dir/impl/Kokkos_SharedAlloc.cpp.o
clang++: warning: argument unused during compilation: '-munsafe-fp-atomics' [-Wunused-command-line-argument]
[ 10%] Linking CXX static library libkokkossimd.a
-- Configured git information in /ccs/home/dfielding/athenak-df/build_turb/kokkos/generated/Kokkos_Version_Info.cpp
[ 10%] Built target AlwaysCheckGit
[ 11%] Building CXX object kokkos/core/src/CMakeFiles/kokkoscore.dir/impl/Kokkos_hwloc.cpp.o
[ 11%] Built target kokkossimd
[ 11%] Building CXX object kokkos/core/src/CMakeFiles/kokkoscore.dir/HIP/Kokkos_HIP.cpp.o
[ 12%] Building CXX object kokkos/CMakeFiles/impl_git_version.dir/__/generated/Kokkos_Version_Info.cpp.o
clang++: warning: argument unused during compilation: '-munsafe-fp-atomics' [-Wunused-command-line-argument]
[ 13%] Linking CXX static library libimpl_git_version.a
[ 13%] Built target impl_git_version
[ 14%] Building CXX object kokkos/core/src/CMakeFiles/kokkoscore.dir/HIP/Kokkos_HIP_DeepCopy.cpp.o
[ 15%] Building CXX object kokkos/core/src/CMakeFiles/kokkoscore.dir/HIP/Kokkos_HIP_Instance.cpp.o
[ 15%] Building CXX object kokkos/core/src/CMakeFiles/kokkoscore.dir/HIP/Kokkos_HIP_SharedAllocationRecord.cpp.o
[ 16%] Building CXX object kokkos/core/src/CMakeFiles/kokkoscore.dir/HIP/Kokkos_HIP_Space.cpp.o
[ 16%] Building CXX object kokkos/core/src/CMakeFiles/kokkoscore.dir/Serial/Kokkos_Serial.cpp.o
[ 17%] Building CXX object kokkos/core/src/CMakeFiles/kokkoscore.dir/Serial/Kokkos_Serial_Task.cpp.o
[ 18%] Building CXX object kokkos/core/src/CMakeFiles/kokkoscore.dir/__/__/tpls/desul/src/Lock_Array_HIP.cpp.o
[ 18%] Linking CXX static library libkokkoscore.a
[ 18%] Built target kokkoscore
[ 18%] Building CXX object kokkos/containers/src/CMakeFiles/kokkoscontainers.dir/impl/Kokkos_UnorderedMap_impl.cpp.o
[ 19%] Linking CXX static library libkokkoscontainers.a
[ 19%] Built target kokkoscontainers
[ 19%] Building CXX object src/CMakeFiles/athena.dir/main.cpp.o
[ 20%] Building CXX object src/CMakeFiles/athena.dir/globals.cpp.o
[ 20%] Building CXX object src/CMakeFiles/athena.dir/parameter_input.cpp.o
[ 22%] Building CXX object src/CMakeFiles/athena.dir/bvals/buffs_fc.cpp.o
[ 23%] Building CXX object src/CMakeFiles/athena.dir/bvals/buffs_cc.cpp.o
[ 25%] Building CXX object src/CMakeFiles/athena.dir/bvals/flux_correct_cc.cpp.o
[ 25%] Building CXX object src/CMakeFiles/athena.dir/bvals/bvals_fc.cpp.o
[ 25%] Building CXX object src/CMakeFiles/athena.dir/bvals/bvals.cpp.o
[ 27%] Building CXX object src/CMakeFiles/athena.dir/bvals/bvals_tasks.cpp.o
[ 27%] Building CXX object src/CMakeFiles/athena.dir/bvals/flux_correct_fc.cpp.o
[ 27%] Building CXX object src/CMakeFiles/athena.dir/bvals/bvals_cc.cpp.o
[ 28%] Building CXX object src/CMakeFiles/athena.dir/bvals/bvals_part.cpp.o
[ 28%] Building CXX object src/CMakeFiles/athena.dir/bvals/prolongation.cpp.o
[ 28%] Building CXX object src/CMakeFiles/athena.dir/bvals/physics/bfield_bcs.cpp.o
[ 28%] Building CXX object src/CMakeFiles/athena.dir/bvals/prolong_prims.cpp.o
[ 28%] Building CXX object src/CMakeFiles/athena.dir/bvals/physics/hydro_bcs.cpp.o
[ 29%] Building CXX object src/CMakeFiles/athena.dir/bvals/physics/radiation_bcs.cpp.o
[ 29%] Building CXX object src/CMakeFiles/athena.dir/bvals/physics/z4c_bcs.cpp.o
[ 30%] Building CXX object src/CMakeFiles/athena.dir/coordinates/adm.cpp.o
[ 31%] Building CXX object src/CMakeFiles/athena.dir/coordinates/coordinates.cpp.o
[ 31%] Building CXX object src/CMakeFiles/athena.dir/coordinates/excision.cpp.o
[ 32%] Building CXX object src/CMakeFiles/athena.dir/diffusion/conduction.cpp.o
[ 32%] Building CXX object src/CMakeFiles/athena.dir/diffusion/resistivity.cpp.o
[ 33%] Building CXX object src/CMakeFiles/athena.dir/diffusion/viscosity.cpp.o
[ 34%] Building CXX object src/CMakeFiles/athena.dir/driver/driver.cpp.o
[ 34%] Building CXX object src/CMakeFiles/athena.dir/dyn_grmhd/dyn_grmhd.cpp.o
[ 35%] Building CXX object src/CMakeFiles/athena.dir/dyn_grmhd/dyn_grmhd_fluxes.cpp.o
[ 35%] Building CXX object src/CMakeFiles/athena.dir/dyn_grmhd/dyn_grmhd_fofc.cpp.o
[ 36%] Building CXX object src/CMakeFiles/athena.dir/eos/eos.cpp.o
[ 37%] Building CXX object src/CMakeFiles/athena.dir/eos/ideal_hyd.cpp.o
[ 37%] Building CXX object src/CMakeFiles/athena.dir/eos/ideal_mhd.cpp.o
[ 38%] Building CXX object src/CMakeFiles/athena.dir/eos/isothermal_hyd.cpp.o
[ 38%] Building CXX object src/CMakeFiles/athena.dir/eos/isothermal_mhd.cpp.o
[ 39%] Building CXX object src/CMakeFiles/athena.dir/eos/ideal_srhyd.cpp.o
[ 40%] Building CXX object src/CMakeFiles/athena.dir/eos/ideal_grhyd.cpp.o
[ 40%] Building CXX object src/CMakeFiles/athena.dir/eos/ideal_srmhd.cpp.o
[ 41%] Building CXX object src/CMakeFiles/athena.dir/eos/ideal_grmhd.cpp.o
[ 41%] Building CXX object src/CMakeFiles/athena.dir/eos/primitive-solver/eos_compose.cpp.o
[ 42%] Building CXX object src/CMakeFiles/athena.dir/eos/primitive-solver/piecewise_polytrope.cpp.o
[ 43%] Building CXX object src/CMakeFiles/athena.dir/eos/primitive-solver/unit_system.cpp.o
[ 43%] Building CXX object src/CMakeFiles/athena.dir/geodesic-grid/geodesic_grid.cpp.o
[ 44%] Building CXX object src/CMakeFiles/athena.dir/geodesic-grid/spherical_grid.cpp.o
[ 44%] Building CXX object src/CMakeFiles/athena.dir/hydro/hydro.cpp.o
[ 45%] Building CXX object src/CMakeFiles/athena.dir/hydro/hydro_fluxes.cpp.o
[ 46%] Building CXX object src/CMakeFiles/athena.dir/hydro/hydro_fofc.cpp.o
[ 46%] Building CXX object src/CMakeFiles/athena.dir/hydro/hydro_newdt.cpp.o
[ 47%] Building CXX object src/CMakeFiles/athena.dir/hydro/hydro_tasks.cpp.o
[ 47%] Building CXX object src/CMakeFiles/athena.dir/hydro/hydro_update.cpp.o
[ 48%] Building CXX object src/CMakeFiles/athena.dir/ion-neutral/ion-neutral.cpp.o
[ 49%] Building CXX object src/CMakeFiles/athena.dir/ion-neutral/ion-neutral_tasks.cpp.o
[ 49%] Building CXX object src/CMakeFiles/athena.dir/mesh/build_tree.cpp.o
[ 50%] Building CXX object src/CMakeFiles/athena.dir/mesh/load_balance.cpp.o
[ 50%] Building CXX object src/CMakeFiles/athena.dir/mesh/mesh.cpp.o
[ 51%] Building CXX object src/CMakeFiles/athena.dir/mesh/meshblock.cpp.o
[ 52%] Building CXX object src/CMakeFiles/athena.dir/mesh/meshblock_pack.cpp.o
[ 52%] Building CXX object src/CMakeFiles/athena.dir/mesh/meshblock_tree.cpp.o
[ 53%] Building CXX object src/CMakeFiles/athena.dir/mesh/mesh_refinement.cpp.o
[ 53%] Building CXX object src/CMakeFiles/athena.dir/mhd/mhd.cpp.o
[ 54%] Building CXX object src/CMakeFiles/athena.dir/mhd/mhd_corner_e.cpp.o
[ 55%] Building CXX object src/CMakeFiles/athena.dir/mhd/mhd_ct.cpp.o
[ 55%] Building CXX object src/CMakeFiles/athena.dir/mhd/mhd_fluxes.cpp.o
[ 56%] Building CXX object src/CMakeFiles/athena.dir/mhd/mhd_fofc.cpp.o
[ 56%] Building CXX object src/CMakeFiles/athena.dir/mhd/mhd_newdt.cpp.o
[ 57%] Building CXX object src/CMakeFiles/athena.dir/mhd/mhd_tasks.cpp.o
[ 58%] Building CXX object src/CMakeFiles/athena.dir/mhd/mhd_update.cpp.o
[ 58%] Building CXX object src/CMakeFiles/athena.dir/outputs/io_wrapper.cpp.o
[ 59%] Building CXX object src/CMakeFiles/athena.dir/outputs/outputs.cpp.o
[ 59%] Building CXX object src/CMakeFiles/athena.dir/outputs/basetype_output.cpp.o
[ 60%] Building CXX object src/CMakeFiles/athena.dir/outputs/derived_variables.cpp.o
[ 61%] Building CXX object src/CMakeFiles/athena.dir/outputs/binary.cpp.o
[ 61%] Building CXX object src/CMakeFiles/athena.dir/outputs/eventlog.cpp.o
[ 62%] Building CXX object src/CMakeFiles/athena.dir/outputs/formatted_table.cpp.o
[ 62%] Building CXX object src/CMakeFiles/athena.dir/outputs/history.cpp.o
[ 63%] Building CXX object src/CMakeFiles/athena.dir/outputs/restart.cpp.o
[ 64%] Building CXX object src/CMakeFiles/athena.dir/outputs/coarsened_binary.cpp.o
[ 64%] Building CXX object src/CMakeFiles/athena.dir/outputs/track_prtcl.cpp.o
[ 65%] Building CXX object src/CMakeFiles/athena.dir/outputs/vtk_mesh.cpp.o
[ 65%] Building CXX object src/CMakeFiles/athena.dir/outputs/vtk_prtcl.cpp.o
[ 66%] Building CXX object src/CMakeFiles/athena.dir/particles/particles.cpp.o
[ 67%] Building CXX object src/CMakeFiles/athena.dir/particles/particles_pushers.cpp.o
[ 67%] Building CXX object src/CMakeFiles/athena.dir/particles/particles_tasks.cpp.o
[ 68%] Building CXX object src/CMakeFiles/athena.dir/outputs/pdf.cpp.o
[ 69%] Building CXX object src/CMakeFiles/athena.dir/pgen/pgen.cpp.o
/ccs/home/dfielding/athenak-df/src/particles/particles_pushers.cpp:280:13: warning: capture host side class data member by this pointer in device or host device lambda function may result in invalid memory access if this pointer is not accessible on device side [-Wgpu-maybe-wrong-side]
  280 |         if (track_displacement) {
      |             ^
/ccs/home/dfielding/athenak-df/src/athena.hpp:233:5: note: called by 'operator()'
  233 |     function(i);
      |     ^
/ccs/home/dfielding/athenak-df/kokkos/core/src/HIP/Kokkos_HIP_ParallelFor_Range.hpp:44:5: note: called by 'exec_range<void>'
   44 |     m_functor(i);
      |     ^
/ccs/home/dfielding/athenak-df/kokkos/core/src/HIP/Kokkos_HIP_ParallelFor_Range.hpp:69:22: note: called by 'operator()'
   69 |       this->template exec_range<WorkTag>(iwork);
      |                      ^
/ccs/home/dfielding/athenak-df/kokkos/core/src/HIP/Kokkos_HIP_KernelLaunch.hpp:88:3: note: called by 'hip_parallel_launch_local_memory<Kokkos::Impl::ParallelFor<(lambda at /ccs/home/dfielding/athenak-df/src/athena.hpp:230:3), Kokkos::RangePolicy<>>, 1024U, 1U>'
   88 |   driver();
      |   ^
[ 69%] Building CXX object src/CMakeFiles/athena.dir/pgen/tests/advection.cpp.o
/ccs/home/dfielding/athenak-df/src/particles/particles.cpp:289:21: warning: capture host side class data member by this pointer in device or host device lambda function may result in invalid memory access if this pointer is not accessible on device side [-Wgpu-maybe-wrong-side]
  289 |     pi(PSP,p) = p % nspecies;  // Round-robin species assignment
      |                     ^
/ccs/home/dfielding/athenak-df/src/athena.hpp:233:5: note: called by 'operator()'
  233 |     function(i);
      |     ^
/ccs/home/dfielding/athenak-df/kokkos/core/src/HIP/Kokkos_HIP_ParallelFor_Range.hpp:44:5: note: called by 'exec_range<void>'
   44 |     m_functor(i);
      |     ^
/ccs/home/dfielding/athenak-df/kokkos/core/src/HIP/Kokkos_HIP_ParallelFor_Range.hpp:69:22: note: called by 'operator()'
   69 |       this->template exec_range<WorkTag>(iwork);
      |                      ^
/ccs/home/dfielding/athenak-df/kokkos/core/src/HIP/Kokkos_HIP_KernelLaunch.hpp:88:3: note: called by 'hip_parallel_launch_local_memory<Kokkos::Impl::ParallelFor<(lambda at /ccs/home/dfielding/athenak-df/src/athena.hpp:230:3), Kokkos::RangePolicy<>>, 1024U, 1U>'
   88 |   driver();
      |   ^
1 warning generated when compiling for gfx90a.
[ 70%] Building CXX object src/CMakeFiles/athena.dir/pgen/tests/collapse.cpp.o
1 warning generated when compiling for gfx90a.
[ 70%] Building CXX object src/CMakeFiles/athena.dir/pgen/tests/cpaw.cpp.o
[ 71%] Building CXX object src/CMakeFiles/athena.dir/pgen/tests/diffusion.cpp.o
[ 72%] Building CXX object src/CMakeFiles/athena.dir/pgen/tests/gr_bondi.cpp.o
[ 72%] Building CXX object src/CMakeFiles/athena.dir/pgen/tests/gr_monopole.cpp.o
[ 73%] Building CXX object src/CMakeFiles/athena.dir/pgen/tests/linear_wave.cpp.o
[ 73%] Building CXX object src/CMakeFiles/athena.dir/pgen/tests/lw_implode.cpp.o
[ 74%] Building CXX object src/CMakeFiles/athena.dir/pgen/tests/orszag_tang.cpp.o
[ 75%] Building CXX object src/CMakeFiles/athena.dir/pgen/tests/shock_tube.cpp.o
[ 75%] Building CXX object src/CMakeFiles/athena.dir/pgen/tests/rad_check_tetrad.cpp.o
[ 76%] Building CXX object src/CMakeFiles/athena.dir/pgen/tests/rad_hohlraum.cpp.o
[ 76%] Building CXX object src/CMakeFiles/athena.dir/pgen/tests/rad_linear_wave.cpp.o
[ 77%] Building CXX object src/CMakeFiles/athena.dir/pgen/tests/z4c_linear_wave.cpp.o
[ 78%] Building CXX object src/CMakeFiles/athena.dir/radiation/radiation.cpp.o
[ 78%] Building CXX object src/CMakeFiles/athena.dir/radiation/radiation_fluxes.cpp.o
[ 79%] Building CXX object src/CMakeFiles/athena.dir/radiation/radiation_newdt.cpp.o
[ 79%] Building CXX object src/CMakeFiles/athena.dir/radiation/radiation_source.cpp.o
[ 80%] Building CXX object src/CMakeFiles/athena.dir/radiation/radiation_tasks.cpp.o
[ 81%] Building CXX object src/CMakeFiles/athena.dir/radiation/radiation_tetrad.cpp.o
[ 81%] Building CXX object src/CMakeFiles/athena.dir/radiation/radiation_update.cpp.o
[ 82%] Building CXX object src/CMakeFiles/athena.dir/shearing_box/orbital_advection.cpp.o
[ 82%] Building CXX object src/CMakeFiles/athena.dir/shearing_box/orbital_advection_cc.cpp.o
[ 83%] Building CXX object src/CMakeFiles/athena.dir/shearing_box/orbital_advection_fc.cpp.o
[ 84%] Building CXX object src/CMakeFiles/athena.dir/shearing_box/shearing_box.cpp.o
[ 84%] Building CXX object src/CMakeFiles/athena.dir/shearing_box/shearing_box_cc.cpp.o
[ 85%] Building CXX object src/CMakeFiles/athena.dir/shearing_box/shearing_box_fc.cpp.o
[ 85%] Building CXX object src/CMakeFiles/athena.dir/shearing_box/shearing_box_srcterms.cpp.o
[ 86%] Building CXX object src/CMakeFiles/athena.dir/shearing_box/shearing_box_tasks.cpp.o
[ 87%] Building CXX object src/CMakeFiles/athena.dir/srcterms/srcterms.cpp.o
[ 87%] Building CXX object src/CMakeFiles/athena.dir/srcterms/srcterms_newdt.cpp.o
[ 88%] Building CXX object src/CMakeFiles/athena.dir/srcterms/turb_driver.cpp.o
[ 88%] Building CXX object src/CMakeFiles/athena.dir/tasklist/numerical_relativity.cpp.o
[ 89%] Building CXX object src/CMakeFiles/athena.dir/units/units.cpp.o
[ 90%] Building CXX object src/CMakeFiles/athena.dir/utils/change_rundir.cpp.o
[ 90%] Building CXX object src/CMakeFiles/athena.dir/utils/show_config.cpp.o
[ 91%] Building CXX object src/CMakeFiles/athena.dir/utils/lagrange_interpolator.cpp.o
[ 91%] Building CXX object src/CMakeFiles/athena.dir/utils/tr_table.cpp.o
[ 92%] Building CXX object src/CMakeFiles/athena.dir/z4c/compact_object_tracker.cpp.o
[ 93%] Building CXX object src/CMakeFiles/athena.dir/z4c/tmunu.cpp.o
[ 93%] Building CXX object src/CMakeFiles/athena.dir/z4c/z4c.cpp.o
[ 94%] Building CXX object src/CMakeFiles/athena.dir/z4c/z4c_adm.cpp.o
[ 94%] Building CXX object src/CMakeFiles/athena.dir/z4c/z4c_calcrhs.cpp.o
[ 95%] Building CXX object src/CMakeFiles/athena.dir/z4c/z4c_newdt.cpp.o
[ 96%] Building CXX object src/CMakeFiles/athena.dir/z4c/z4c_tasks.cpp.o
[ 96%] Building CXX object src/CMakeFiles/athena.dir/z4c/z4c_update.cpp.o
[ 97%] Building CXX object src/CMakeFiles/athena.dir/z4c/z4c_gauge.cpp.o
[ 97%] Building CXX object src/CMakeFiles/athena.dir/z4c/z4c_Sbc.cpp.o
[ 98%] Building CXX object src/CMakeFiles/athena.dir/z4c/z4c_calculate_weyl_scalars.cpp.o
[ 99%] Building CXX object src/CMakeFiles/athena.dir/z4c/z4c_wave_extr.cpp.o
[ 99%] Building CXX object src/CMakeFiles/athena.dir/z4c/z4c_amr.cpp.o
[100%] Building CXX object src/CMakeFiles/athena.dir/pgen/turb_timed_amr.cpp.o
[100%] Linking CXX executable athena
[100%] Built target athena
=== Build complete! ===
Executable location: /ccs/home/dfielding/athenak-df/build_turb/src/athena
=== Build finished at Tue Sep  2 11:31:43 PM EDT 2025 ===

Build log saved to: build_frontier_turb_20250902_232958.log
