
Root grid = 1 x 1 x 1 MeshBlocks
Total number of MeshBlocks = 1
Number of logical  levels of refinement = 0 (1 levels total)
Number of physical levels of refinement = 0 (1 levels total)
Number of parallel ranks = 1

Setup complete, executing task list(s)...

elapsed=6.102500e-04 cycle=0 time=0.000000e+00 dt=1.932336e-03
elapsed=1.137500e-03 cycle=1 time=1.932336e-03 dt=1.932590e-03
elapsed=1.614292e-03 cycle=2 time=3.864926e-03 dt=1.932845e-03
elapsed=2.081209e-03 cycle=3 time=5.797772e-03 dt=1.933102e-03
elapsed=2.551875e-03 cycle=4 time=7.730873e-03 dt=1.933360e-03
elapsed=3.059584e-03 cycle=5 time=9.664233e-03 dt=1.933619e-03
elapsed=3.552500e-03 cycle=6 time=1.159785e-02 dt=1.933879e-03
elapsed=4.028000e-03 cycle=7 time=1.353173e-02 dt=1.934141e-03
elapsed=4.500167e-03 cycle=8 time=1.546587e-02 dt=1.934404e-03
elapsed=4.974459e-03 cycle=9 time=1.740028e-02 dt=1.934668e-03
elapsed=5.444459e-03 cycle=10 time=1.933494e-02 dt=1.934933e-03
elapsed=5.910334e-03 cycle=11 time=2.126988e-02 dt=1.935199e-03
elapsed=6.376834e-03 cycle=12 time=2.320508e-02 dt=1.935467e-03
elapsed=6.838792e-03 cycle=13 time=2.514054e-02 dt=1.935736e-03
elapsed=7.308292e-03 cycle=14 time=2.707628e-02 dt=1.936005e-03
elapsed=8.054209e-03 cycle=15 time=2.901228e-02 dt=1.936276e-03
elapsed=8.530709e-03 cycle=16 time=3.094856e-02 dt=1.936547e-03
elapsed=8.999125e-03 cycle=17 time=3.288511e-02 dt=1.936820e-03
elapsed=9.463542e-03 cycle=18 time=3.482193e-02 dt=1.937093e-03
elapsed=9.931667e-03 cycle=19 time=3.675902e-02 dt=1.937368e-03
elapsed=1.039671e-02 cycle=20 time=3.869639e-02 dt=1.937643e-03
elapsed=1.085979e-02 cycle=21 time=4.063403e-02 dt=1.937920e-03
elapsed=1.136942e-02 cycle=22 time=4.257195e-02 dt=1.938197e-03
elapsed=1.186183e-02 cycle=23 time=4.451015e-02 dt=1.938475e-03
elapsed=1.234262e-02 cycle=24 time=4.644862e-02 dt=1.938755e-03
elapsed=1.282771e-02 cycle=25 time=4.838738e-02 dt=1.939035e-03
elapsed=1.330333e-02 cycle=26 time=5.032641e-02 dt=1.939315e-03
elapsed=1.377458e-02 cycle=27 time=5.226573e-02 dt=1.939597e-03
elapsed=1.423896e-02 cycle=28 time=5.420533e-02 dt=1.939879e-03
elapsed=1.470271e-02 cycle=29 time=5.614520e-02 dt=1.940163e-03
elapsed=1.516837e-02 cycle=30 time=5.808537e-02 dt=1.940447e-03
elapsed=1.563279e-02 cycle=31 time=6.002581e-02 dt=1.940731e-03
elapsed=1.609654e-02 cycle=32 time=6.196655e-02 dt=1.941015e-03
elapsed=1.655892e-02 cycle=33 time=6.390756e-02 dt=1.941301e-03
elapsed=1.702371e-02 cycle=34 time=6.584886e-02 dt=1.941587e-03
elapsed=1.748904e-02 cycle=35 time=6.779045e-02 dt=1.941873e-03
elapsed=1.795413e-02 cycle=36 time=6.973232e-02 dt=1.942161e-03
elapsed=1.841833e-02 cycle=37 time=7.167448e-02 dt=1.942449e-03
elapsed=1.888475e-02 cycle=38 time=7.361693e-02 dt=1.942737e-03
elapsed=1.968746e-02 cycle=39 time=7.555967e-02 dt=1.943027e-03
elapsed=2.018725e-02 cycle=40 time=7.750269e-02 dt=1.943316e-03
elapsed=2.067104e-02 cycle=41 time=7.944601e-02 dt=1.943607e-03
elapsed=2.113600e-02 cycle=42 time=8.138962e-02 dt=1.943898e-03
elapsed=2.160142e-02 cycle=43 time=8.333351e-02 dt=1.944189e-03
elapsed=2.206717e-02 cycle=44 time=8.527770e-02 dt=1.944481e-03
elapsed=2.253142e-02 cycle=45 time=8.722218e-02 dt=1.944773e-03
elapsed=2.299417e-02 cycle=46 time=8.916696e-02 dt=1.945066e-03
elapsed=2.345621e-02 cycle=47 time=9.111202e-02 dt=1.945360e-03
elapsed=2.391950e-02 cycle=48 time=9.305738e-02 dt=1.945654e-03
elapsed=2.438183e-02 cycle=49 time=9.500304e-02 dt=1.945948e-03
elapsed=2.484421e-02 cycle=50 time=9.694899e-02 dt=1.946243e-03
elapsed=2.531104e-02 cycle=51 time=9.889523e-02 dt=1.946539e-03
elapsed=2.577433e-02 cycle=52 time=1.008418e-01 dt=1.946834e-03
elapsed=2.623600e-02 cycle=53 time=1.027886e-01 dt=1.947131e-03
elapsed=2.670363e-02 cycle=54 time=1.047357e-01 dt=1.947427e-03
elapsed=2.716846e-02 cycle=55 time=1.066832e-01 dt=1.947724e-03
elapsed=2.764504e-02 cycle=56 time=1.086309e-01 dt=1.948022e-03
elapsed=2.818125e-02 cycle=57 time=1.105789e-01 dt=1.948319e-03
elapsed=2.866762e-02 cycle=58 time=1.125272e-01 dt=1.948617e-03
elapsed=2.913183e-02 cycle=59 time=1.144758e-01 dt=1.948916e-03
elapsed=2.959867e-02 cycle=60 time=1.164248e-01 dt=1.949214e-03
elapsed=3.006517e-02 cycle=61 time=1.183740e-01 dt=1.949513e-03
elapsed=3.053129e-02 cycle=62 time=1.203235e-01 dt=1.949812e-03
elapsed=3.099342e-02 cycle=63 time=1.222733e-01 dt=1.950112e-03
elapsed=3.169725e-02 cycle=64 time=1.242234e-01 dt=1.950411e-03
elapsed=3.216408e-02 cycle=65 time=1.261738e-01 dt=1.950711e-03
elapsed=3.262725e-02 cycle=66 time=1.281245e-01 dt=1.951011e-03
elapsed=3.308675e-02 cycle=67 time=1.300755e-01 dt=1.951311e-03
elapsed=3.354833e-02 cycle=68 time=1.320269e-01 dt=1.951611e-03
elapsed=3.401392e-02 cycle=69 time=1.339785e-01 dt=1.951912e-03
elapsed=3.447625e-02 cycle=70 time=1.359304e-01 dt=1.952212e-03
elapsed=3.494383e-02 cycle=71 time=1.378826e-01 dt=1.952513e-03
elapsed=3.540787e-02 cycle=72 time=1.398351e-01 dt=1.952814e-03
elapsed=3.587408e-02 cycle=73 time=1.417879e-01 dt=1.953115e-03
elapsed=3.640888e-02 cycle=74 time=1.437410e-01 dt=1.953416e-03
elapsed=3.690537e-02 cycle=75 time=1.456944e-01 dt=1.953717e-03
elapsed=3.739117e-02 cycle=76 time=1.476482e-01 dt=1.954018e-03
elapsed=3.785650e-02 cycle=77 time=1.496022e-01 dt=3.978210e-04
elapsed=3.853092e-02 cycle=78 time=1.500000e-01 dt=7.956420e-04

Terminating on time limit
time=1.500000e-01 cycle=78
tlim=1.500000e-01 nlim=1000

MeshBlock-cycles = 78
cpu time used  = 3.792221e-02
zone-cycles/cpu_second = 1.053103e+06
particle-updates/cpu_second = 2.056842e+03
