CR relativistic Phase-7 diagnostics qualification PASS
  acceleration_alpha_s_error: 0.0
  acceleration_applicability_ratio_error: 0.0
  acceleration_gamma_error: 0.0
  acceleration_kinetic_energy_model_error: 5.551115123125783e-17
  acceleration_psamp_metadata_explicit: True
  acceleration_pspec_metadata_explicit: True
  acceleration_sample_schema_exact: True
  acceleration_sampled_ce_error: 0.0
  acceleration_spectrum_bin: 2
  acceleration_velocity_shadow_error: 0.0
  acceleration_wmag_error: 0.0
  acceleration_work_closure_error: 1.0234868508263162e-16
  deceleration_alpha_s_error: 0.0
  deceleration_applicability_ratio_error: 0.0
  deceleration_gamma_error: 0.0
  deceleration_kinetic_energy_model_error: 4.336808689942018e-17
  deceleration_psamp_metadata_explicit: True
  deceleration_pspec_metadata_explicit: True
  deceleration_sample_schema_exact: True
  deceleration_sampled_ce_error: 0.0
  deceleration_spectrum_bin: 1
  deceleration_velocity_shadow_error: 0.0
  deceleration_wmag_error: 0.0
  deceleration_work_closure_error: 3.122502256758253e-17
  deceleration_work_negative: True
  nonunit_alpha_s_error: 0.0
  nonunit_applicability_ratio_error: 0.0
  nonunit_gamma_error: 0.0
  nonunit_kinetic_energy_model_error: 4.163336342344337e-17
  nonunit_psamp_metadata_explicit: True
  nonunit_sampled_ce_error: 0.0
  nonunit_velocity_shadow_error: 0.0
  nonunit_wmag_error: 0.0
  nonunit_work_closure_error: 3.5735303605122226e-16
  nonunit_work_positive: True
  paired_restart_bundle_present: True
  restart_artifacts_inspected: True
  restart_diagnostic_field_error: 0.0
  restart_sample_schema_equal: True
  restart_spectrum_equal: True
  restart_work_closure_error: 1.0234868508263162e-16
  retained_output_inspector_round_trip: True
  retained_output_metadata_explicit: True
  preserved runtime cases: /private/tmp/cr-rel-phase9-diagnostics-portable
