-- The C compiler identification is AppleClang 21.0.0.21000101
-- The CXX compiler identification is AppleClang 21.0.0.21000101
-- Detecting C compiler ABI info
-- Detecting C compiler ABI info - done
-- Check for working C compiler: /usr/bin/cc - skipped
-- Detecting C compile features
-- Detecting C compile features - done
-- Detecting CXX compiler ABI info
-- Detecting CXX compiler ABI info - done
-- Check for working CXX compiler: /usr/bin/c++ - skipped
-- Detecting CXX compile features
-- Detecting CXX compile features - done
-- Found MPI_CXX: /opt/homebrew/Cellar/open-mpi/5.0.9/lib/libmpi.dylib (found version "3.1")
-- Found MPI: TRUE (found version "3.1") found components: CXX
-- Setting default Kokkos CXX standard to 17
-- Kokkos version: 4.4.0
-- The project name is: Kokkos
-- Using internal gtest for testing
-- Configured git information in /tmp/athenak-cr-phase9-mpi-release/generated/Kokkos_Version_Info.cpp
-- SERIAL backend is being turned on to ensure there is at least one Host space. To change this, you must enable another host execution space and configure with -DKokkos_ENABLE_SERIAL=OFF or change CMakeCache.txt
-- Using -std=c++17 for C++17 standard as feature
-- Built-in Execution Spaces:
--     Device Parallel: NoTypeDefined
--     Host Parallel: NoTypeDefined
--       Host Serial: SERIAL
--
-- Architectures:
-- Found TPLLIBDL: /Applications/Xcode.app/Contents/Developer/Platforms/MacOSX.platform/Developer/SDKs/MacOSX.sdk/usr/include
-- Using internal desul_atomics copy
-- Experimental mdspan support is enabled
-- Looking for C++ include experimental/mdspan
-- Looking for C++ include experimental/mdspan - not found
-- Looking for C++ include mdspan
-- Looking for C++ include mdspan - found
-- Using internal mdspan directory $REPO_ROOT/kokkos/core/src/../../tpls/mdspan/include
-- Kokkos Backends: SERIAL
-- Configuring done (1.6s)
-- Generating done (0.1s)
-- Build files have been written to: /tmp/athenak-cr-phase9-mpi-release
