2026-05-30 05:38:49,067|DEBUG:athena: Starting AthenaK regression tests
2026-05-30 05:38:49,067|DEBUG:athena: args: {'tests': ['mhd/mhd_divb_amr'], 'cmake': []}
2026-05-30 05:38:49,102|DEBUG:athena.make: Executing: cmake3 ../../
2026-05-30 05:38:49,196|INFO:athena.make: -- The C compiler identification is AppleClang 21.0.0.21000101
2026-05-30 05:38:49,264|INFO:athena.make: -- The CXX compiler identification is AppleClang 21.0.0.21000101
2026-05-30 05:38:49,285|INFO:athena.make: -- Detecting C compiler ABI info
2026-05-30 05:38:49,402|INFO:athena.make: -- Detecting C compiler ABI info - done
2026-05-30 05:38:49,413|INFO:athena.make: -- Check for working C compiler: /usr/bin/cc - skipped
2026-05-30 05:38:49,413|INFO:athena.make: -- Detecting C compile features
2026-05-30 05:38:49,414|INFO:athena.make: -- Detecting C compile features - done
2026-05-30 05:38:49,417|INFO:athena.make: -- Detecting CXX compiler ABI info
2026-05-30 05:38:49,536|INFO:athena.make: -- Detecting CXX compiler ABI info - done
2026-05-30 05:38:49,548|INFO:athena.make: -- Check for working CXX compiler: /usr/bin/c++ - skipped
2026-05-30 05:38:49,548|INFO:athena.make: -- Detecting CXX compile features
2026-05-30 05:38:49,548|INFO:athena.make: -- Detecting CXX compile features - done
2026-05-30 05:38:49,549|INFO:athena.make: -- Setting build type to 'Release' as none was specified.
2026-05-30 05:38:49,553|INFO:athena.make: -- Setting default Kokkos CXX standard to 17
2026-05-30 05:38:49,553|INFO:athena.make: -- Kokkos version: 4.4.0
2026-05-30 05:38:49,580|INFO:athena.make: -- The project name is: Kokkos
2026-05-30 05:38:49,580|INFO:athena.make: -- Using internal gtest for testing
2026-05-30 05:38:49,639|INFO:athena.make: -- Configured git information in $REPO_ROOT/tst/build/generated/Kokkos_Version_Info.cpp
2026-05-30 05:38:49,639|INFO:athena.make: -- SERIAL backend is being turned on to ensure there is at least one Host space. To change this, you must enable another host execution space and configure with -DKokkos_ENABLE_SERIAL=OFF or change CMakeCache.txt
2026-05-30 05:38:49,641|INFO:athena.make: -- Using -std=c++17 for C++17 standard as feature
2026-05-30 05:38:49,777|INFO:athena.make: -- Built-in Execution Spaces:
2026-05-30 05:38:49,777|INFO:athena.make: --     Device Parallel: NoTypeDefined
2026-05-30 05:38:49,777|INFO:athena.make: --     Host Parallel: NoTypeDefined
2026-05-30 05:38:49,777|INFO:athena.make: --       Host Serial: SERIAL
2026-05-30 05:38:49,777|INFO:athena.make: --
2026-05-30 05:38:49,777|INFO:athena.make: -- Architectures:
2026-05-30 05:38:49,820|INFO:athena.make: -- Found TPLLIBDL: /Applications/Xcode.app/Contents/Developer/Platforms/MacOSX.platform/Developer/SDKs/MacOSX.sdk/usr/include
2026-05-30 05:38:49,823|INFO:athena.make: -- Using internal desul_atomics copy
2026-05-30 05:38:49,824|INFO:athena.make: -- Experimental mdspan support is enabled
2026-05-30 05:38:49,825|INFO:athena.make: -- Looking for C++ include experimental/mdspan
2026-05-30 05:38:49,907|INFO:athena.make: -- Looking for C++ include experimental/mdspan - not found
2026-05-30 05:38:49,907|INFO:athena.make: -- Looking for C++ include mdspan
2026-05-30 05:38:50,026|INFO:athena.make: -- Looking for C++ include mdspan - found
2026-05-30 05:38:50,026|INFO:athena.make: -- Using internal mdspan directory $REPO_ROOT/kokkos/core/src/../../tpls/mdspan/include
2026-05-30 05:38:50,029|INFO:athena.make: -- Kokkos Backends: SERIAL
2026-05-30 05:38:50,036|INFO:athena.make: -- Configuring done (0.9s)
2026-05-30 05:38:50,114|INFO:athena.make: -- Generating done (0.1s)
2026-05-30 05:38:50,115|INFO:athena.make: -- Build files have been written to: $REPO_ROOT/tst/build
2026-05-30 05:38:50,116|DEBUG:athena.make: Executing: make -j8
2026-05-30 05:38:50,155|INFO:athena.make: [  1%] Building CXX object kokkos/simd/src/CMakeFiles/kokkossimd.dir/Kokkos_SIMD_dummy.cpp.o
2026-05-30 05:38:50,155|INFO:athena.make: [  2%] Building CXX object kokkos/core/src/CMakeFiles/kokkoscore.dir/impl/Kokkos_Abort.cpp.o
2026-05-30 05:38:50,155|INFO:athena.make: [  2%] Building CXX object kokkos/core/src/CMakeFiles/kokkoscore.dir/impl/Kokkos_Error.cpp.o
2026-05-30 05:38:50,155|INFO:athena.make: [  3%] Building CXX object kokkos/core/src/CMakeFiles/kokkoscore.dir/impl/Kokkos_Command_Line_Parsing.cpp.o
2026-05-30 05:38:50,155|INFO:athena.make: [  5%] Building CXX object kokkos/core/src/CMakeFiles/kokkoscore.dir/impl/Kokkos_Core.cpp.o
2026-05-30 05:38:50,156|INFO:athena.make: [  5%] Building CXX object kokkos/core/src/CMakeFiles/kokkoscore.dir/impl/Kokkos_ExecPolicy.cpp.o
2026-05-30 05:38:50,156|INFO:athena.make: [  5%] Building CXX object kokkos/core/src/CMakeFiles/kokkoscore.dir/impl/Kokkos_CPUDiscovery.cpp.o
2026-05-30 05:38:50,189|INFO:athena.make: [  6%] Linking CXX static library libkokkossimd.a
2026-05-30 05:38:50,232|INFO:athena.make: -- Configured git information in $REPO_ROOT/tst/build/kokkos/generated/Kokkos_Version_Info.cpp
2026-05-30 05:38:50,239|INFO:athena.make: [  6%] Built target kokkossimd
2026-05-30 05:38:50,240|INFO:athena.make: [  6%] Built target AlwaysCheckGit
2026-05-30 05:38:50,253|INFO:athena.make: [  6%] Building CXX object kokkos/core/src/CMakeFiles/kokkoscore.dir/impl/Kokkos_HostBarrier.cpp.o
2026-05-30 05:38:50,271|INFO:athena.make: [  7%] Building CXX object kokkos/CMakeFiles/impl_git_version.dir/__/generated/Kokkos_Version_Info.cpp.o
2026-05-30 05:38:50,371|INFO:athena.make: [  8%] Building CXX object kokkos/core/src/CMakeFiles/kokkoscore.dir/impl/Kokkos_HostSpace.cpp.o
2026-05-30 05:38:50,464|INFO:athena.make: [  8%] Linking CXX static library libimpl_git_version.a
2026-05-30 05:38:50,471|INFO:athena.make: [  8%] Building CXX object kokkos/core/src/CMakeFiles/kokkoscore.dir/impl/Kokkos_HostSpace_deepcopy.cpp.o
2026-05-30 05:38:50,512|INFO:athena.make: [  8%] Built target impl_git_version
2026-05-30 05:38:50,521|INFO:athena.make: [  9%] Building CXX object kokkos/core/src/CMakeFiles/kokkoscore.dir/impl/Kokkos_HostThreadTeam.cpp.o
2026-05-30 05:38:50,561|INFO:athena.make: [ 10%] Building CXX object kokkos/core/src/CMakeFiles/kokkoscore.dir/impl/Kokkos_MemoryPool.cpp.o
2026-05-30 05:38:50,696|INFO:athena.make: [ 10%] Building CXX object kokkos/core/src/CMakeFiles/kokkoscore.dir/impl/Kokkos_Profiling.cpp.o
2026-05-30 05:38:50,699|INFO:athena.make: [ 11%] Building CXX object kokkos/core/src/CMakeFiles/kokkoscore.dir/impl/Kokkos_SharedAlloc.cpp.o
2026-05-30 05:38:50,727|INFO:athena.make: [ 11%] Building CXX object kokkos/core/src/CMakeFiles/kokkoscore.dir/impl/Kokkos_Stacktrace.cpp.o
2026-05-30 05:38:50,785|INFO:athena.make: [ 12%] Building CXX object kokkos/core/src/CMakeFiles/kokkoscore.dir/impl/Kokkos_hwloc.cpp.o
2026-05-30 05:38:50,912|INFO:athena.make: [ 12%] Building CXX object kokkos/core/src/CMakeFiles/kokkoscore.dir/Serial/Kokkos_Serial.cpp.o
2026-05-30 05:38:51,083|INFO:athena.make: [ 13%] Building CXX object kokkos/core/src/CMakeFiles/kokkoscore.dir/Serial/Kokkos_Serial_Task.cpp.o
2026-05-30 05:38:51,710|INFO:athena.make: [ 13%] Linking CXX static library libkokkoscore.a
2026-05-30 05:38:51,754|INFO:athena.make: [ 13%] Built target kokkoscore
2026-05-30 05:38:51,772|INFO:athena.make: [ 14%] Building CXX object kokkos/containers/src/CMakeFiles/kokkoscontainers.dir/impl/Kokkos_UnorderedMap_impl.cpp.o
2026-05-30 05:38:52,238|INFO:athena.make: [ 14%] Linking CXX static library libkokkoscontainers.a
2026-05-30 05:38:52,285|INFO:athena.make: [ 14%] Built target kokkoscontainers
2026-05-30 05:38:52,308|INFO:athena.make: [ 15%] Building CXX object src/CMakeFiles/athena.dir/main.cpp.o
2026-05-30 05:38:52,308|INFO:athena.make: [ 17%] Building CXX object src/CMakeFiles/athena.dir/bvals/bvals.cpp.o
2026-05-30 05:38:52,308|INFO:athena.make: [ 18%] Building CXX object src/CMakeFiles/athena.dir/bvals/buffs_fc.cpp.o
2026-05-30 05:38:52,308|INFO:athena.make: [ 18%] Building CXX object src/CMakeFiles/athena.dir/globals.cpp.o
2026-05-30 05:38:52,308|INFO:athena.make: [ 18%] Building CXX object src/CMakeFiles/athena.dir/bvals/bvals_cc.cpp.o
2026-05-30 05:38:52,308|INFO:athena.make: [ 18%] Building CXX object src/CMakeFiles/athena.dir/bvals/bvals_fc.cpp.o
2026-05-30 05:38:52,308|INFO:athena.make: [ 18%] Building CXX object src/CMakeFiles/athena.dir/parameter_input.cpp.o
2026-05-30 05:38:52,308|INFO:athena.make: [ 18%] Building CXX object src/CMakeFiles/athena.dir/bvals/buffs_cc.cpp.o
2026-05-30 05:38:52,825|INFO:athena.make: [ 18%] Building CXX object src/CMakeFiles/athena.dir/bvals/bvals_part.cpp.o
2026-05-30 05:38:53,076|INFO:athena.make: [ 20%] Building CXX object src/CMakeFiles/athena.dir/bvals/bvals_tasks.cpp.o
2026-05-30 05:38:53,076|INFO:athena.make: [ 20%] Building CXX object src/CMakeFiles/athena.dir/bvals/flux_correct_cc.cpp.o
2026-05-30 05:38:53,104|INFO:athena.make: [ 20%] Building CXX object src/CMakeFiles/athena.dir/bvals/flux_correct_fc.cpp.o
2026-05-30 05:38:53,256|INFO:athena.make: [ 21%] Building CXX object src/CMakeFiles/athena.dir/bvals/prolongation.cpp.o
2026-05-30 05:38:53,349|INFO:athena.make: [ 21%] Building CXX object src/CMakeFiles/athena.dir/bvals/prolong_prims.cpp.o
2026-05-30 05:38:53,384|INFO:athena.make: [ 22%] Building CXX object src/CMakeFiles/athena.dir/bvals/physics/hydro_bcs.cpp.o
2026-05-30 05:38:53,491|INFO:athena.make: [ 22%] Building CXX object src/CMakeFiles/athena.dir/bvals/physics/bfield_bcs.cpp.o
2026-05-30 05:38:53,836|INFO:athena.make: [ 23%] Building CXX object src/CMakeFiles/athena.dir/bvals/physics/radiation_bcs.cpp.o
2026-05-30 05:38:54,052|INFO:athena.make: [ 23%] Building CXX object src/CMakeFiles/athena.dir/bvals/physics/z4c_bcs.cpp.o
2026-05-30 05:38:54,496|INFO:athena.make: [ 24%] Building CXX object src/CMakeFiles/athena.dir/coordinates/adm.cpp.o
2026-05-30 05:38:54,520|INFO:athena.make: [ 25%] Building CXX object src/CMakeFiles/athena.dir/coordinates/coordinates.cpp.o
2026-05-30 05:38:54,541|INFO:athena.make: [ 25%] Building CXX object src/CMakeFiles/athena.dir/coordinates/excision.cpp.o
2026-05-30 05:38:54,576|INFO:athena.make: [ 26%] Building CXX object src/CMakeFiles/athena.dir/diffusion/conduction.cpp.o
2026-05-30 05:38:54,752|INFO:athena.make: [ 26%] Building CXX object src/CMakeFiles/athena.dir/diffusion/resistivity.cpp.o
2026-05-30 05:38:54,795|INFO:athena.make: [ 27%] Building CXX object src/CMakeFiles/athena.dir/diffusion/viscosity.cpp.o
2026-05-30 05:38:55,102|INFO:athena.make: [ 27%] Building CXX object src/CMakeFiles/athena.dir/driver/driver.cpp.o
2026-05-30 05:38:55,260|INFO:athena.make: [ 28%] Building CXX object src/CMakeFiles/athena.dir/dyn_grmhd/dyn_grmhd.cpp.o
2026-05-30 05:38:55,476|INFO:athena.make: [ 28%] Building CXX object src/CMakeFiles/athena.dir/dyn_grmhd/dyn_grmhd_fluxes.cpp.o
2026-05-30 05:38:55,695|INFO:athena.make: [ 29%] Building CXX object src/CMakeFiles/athena.dir/dyn_grmhd/dyn_grmhd_fofc.cpp.o
2026-05-30 05:38:55,727|INFO:athena.make: [ 30%] Building CXX object src/CMakeFiles/athena.dir/eos/eos.cpp.o
2026-05-30 05:38:55,764|INFO:athena.make: [ 30%] Building CXX object src/CMakeFiles/athena.dir/eos/ideal_hyd.cpp.o
2026-05-30 05:38:56,036|INFO:athena.make: [ 31%] Building CXX object src/CMakeFiles/athena.dir/eos/ideal_mhd.cpp.o
2026-05-30 05:38:56,156|INFO:athena.make: [ 31%] Building CXX object src/CMakeFiles/athena.dir/eos/isothermal_hyd.cpp.o
2026-05-30 05:38:56,368|INFO:athena.make: [ 32%] Building CXX object src/CMakeFiles/athena.dir/eos/isothermal_mhd.cpp.o
2026-05-30 05:38:56,590|INFO:athena.make: [ 32%] Building CXX object src/CMakeFiles/athena.dir/eos/ideal_srhyd.cpp.o
2026-05-30 05:38:56,812|INFO:athena.make: [ 33%] Building CXX object src/CMakeFiles/athena.dir/eos/ideal_grhyd.cpp.o
2026-05-30 05:38:57,050|INFO:athena.make: [ 33%] Building CXX object src/CMakeFiles/athena.dir/eos/ideal_srmhd.cpp.o
2026-05-30 05:38:57,134|INFO:athena.make: [ 34%] Building CXX object src/CMakeFiles/athena.dir/eos/ideal_grmhd.cpp.o
2026-05-30 05:38:57,316|INFO:athena.make: [ 34%] Building CXX object src/CMakeFiles/athena.dir/eos/noop_dyngrmhd.cpp.o
2026-05-30 05:38:57,624|INFO:athena.make: [ 35%] Building CXX object src/CMakeFiles/athena.dir/eos/primitive-solver/eos_compose.cpp.o
2026-05-30 05:38:57,858|INFO:athena.make: [ 36%] Building CXX object src/CMakeFiles/athena.dir/eos/primitive-solver/eos_hybrid.cpp.o
2026-05-30 05:38:58,092|INFO:athena.make: [ 36%] Building CXX object src/CMakeFiles/athena.dir/eos/primitive-solver/piecewise_polytrope.cpp.o
2026-05-30 05:38:58,100|INFO:athena.make: [ 37%] Building CXX object src/CMakeFiles/athena.dir/eos/primitive-solver/unit_system.cpp.o
2026-05-30 05:38:58,239|INFO:athena.make: [ 37%] Building CXX object src/CMakeFiles/athena.dir/geodesic-grid/geodesic_grid.cpp.o
2026-05-30 05:38:58,638|INFO:athena.make: [ 38%] Building CXX object src/CMakeFiles/athena.dir/geodesic-grid/spherical_grid.cpp.o
2026-05-30 05:38:58,656|INFO:athena.make: [ 38%] Building CXX object src/CMakeFiles/athena.dir/geodesic-grid/gauss_legendre.cpp.o
2026-05-30 05:38:59,098|INFO:athena.make: [ 39%] Building CXX object src/CMakeFiles/athena.dir/hydro/hydro.cpp.o
2026-05-30 05:38:59,106|INFO:athena.make: [ 39%] Building CXX object src/CMakeFiles/athena.dir/hydro/hydro_fluxes.cpp.o
2026-05-30 05:39:00,189|INFO:athena.make: [ 40%] Building CXX object src/CMakeFiles/athena.dir/hydro/hydro_fofc.cpp.o
2026-05-30 05:39:00,213|INFO:athena.make: [ 41%] Building CXX object src/CMakeFiles/athena.dir/hydro/hydro_newdt.cpp.o
2026-05-30 05:39:00,416|INFO:athena.make: [ 41%] Building CXX object src/CMakeFiles/athena.dir/hydro/hydro_tasks.cpp.o
2026-05-30 05:39:00,463|INFO:athena.make: [ 42%] Building CXX object src/CMakeFiles/athena.dir/hydro/hydro_update.cpp.o
2026-05-30 05:39:00,662|INFO:athena.make: [ 42%] Building CXX object src/CMakeFiles/athena.dir/ion-neutral/ion-neutral.cpp.o
2026-05-30 05:39:00,774|INFO:athena.make: [ 43%] Building CXX object src/CMakeFiles/athena.dir/ion-neutral/ion-neutral_tasks.cpp.o
2026-05-30 05:39:01,320|INFO:athena.make: [ 43%] Building CXX object src/CMakeFiles/athena.dir/mesh/build_tree.cpp.o
2026-05-30 05:39:01,411|INFO:athena.make: [ 44%] Building CXX object src/CMakeFiles/athena.dir/mesh/load_balance.cpp.o
2026-05-30 05:39:01,447|INFO:athena.make: [ 44%] Building CXX object src/CMakeFiles/athena.dir/mesh/mesh.cpp.o
2026-05-30 05:39:01,542|INFO:athena.make: [ 45%] Building CXX object src/CMakeFiles/athena.dir/mesh/meshblock.cpp.o
2026-05-30 05:39:01,563|INFO:athena.make: [ 46%] Building CXX object src/CMakeFiles/athena.dir/mesh/meshblock_pack.cpp.o
2026-05-30 05:39:01,654|INFO:athena.make: [ 46%] Building CXX object src/CMakeFiles/athena.dir/mesh/meshblock_tree.cpp.o
2026-05-30 05:39:02,168|INFO:athena.make: [ 47%] Building CXX object src/CMakeFiles/athena.dir/mesh/mesh_refinement.cpp.o
2026-05-30 05:39:02,255|INFO:athena.make: [ 47%] Building CXX object src/CMakeFiles/athena.dir/mesh/refinement_criteria.cpp.o
2026-05-30 05:39:02,307|INFO:athena.make: [ 48%] Building CXX object src/CMakeFiles/athena.dir/mhd/mhd.cpp.o
2026-05-30 05:39:02,314|INFO:athena.make: [ 48%] Building CXX object src/CMakeFiles/athena.dir/mhd/mhd_corner_e.cpp.o
2026-05-30 05:39:02,405|INFO:athena.make: [ 49%] Building CXX object src/CMakeFiles/athena.dir/mhd/mhd_ct.cpp.o
2026-05-30 05:39:02,486|INFO:athena.make: [ 49%] Building CXX object src/CMakeFiles/athena.dir/mhd/mhd_fluxes.cpp.o
2026-05-30 05:39:02,603|INFO:athena.make: [ 50%] Building CXX object src/CMakeFiles/athena.dir/mhd/mhd_fofc.cpp.o
2026-05-30 05:39:03,240|INFO:athena.make: [ 51%] Building CXX object src/CMakeFiles/athena.dir/mhd/mhd_newdt.cpp.o
2026-05-30 05:39:03,390|INFO:athena.make: [ 51%] Building CXX object src/CMakeFiles/athena.dir/mhd/mhd_tasks.cpp.o
2026-05-30 05:39:03,725|INFO:athena.make: [ 52%] Building CXX object src/CMakeFiles/athena.dir/mhd/mhd_update.cpp.o
2026-05-30 05:39:03,757|INFO:athena.make: [ 52%] Building CXX object src/CMakeFiles/athena.dir/outputs/io_wrapper.cpp.o
2026-05-30 05:39:03,811|INFO:athena.make: [ 53%] Building CXX object src/CMakeFiles/athena.dir/outputs/outputs.cpp.o
2026-05-30 05:39:04,039|INFO:athena.make: [ 53%] Building CXX object src/CMakeFiles/athena.dir/outputs/basetype_output.cpp.o
2026-05-30 05:39:04,215|INFO:athena.make: [ 54%] Building CXX object src/CMakeFiles/athena.dir/outputs/cartgrid.cpp.o
2026-05-30 05:39:04,311|INFO:athena.make: [ 54%] Building CXX object src/CMakeFiles/athena.dir/outputs/derived_variables.cpp.o
2026-05-30 05:39:04,674|INFO:athena.make: [ 55%] Building CXX object src/CMakeFiles/athena.dir/outputs/binary.cpp.o
2026-05-30 05:39:04,725|INFO:athena.make: [ 55%] Building CXX object src/CMakeFiles/athena.dir/outputs/eventlog.cpp.o
2026-05-30 05:39:04,802|INFO:athena.make: [ 56%] Building CXX object src/CMakeFiles/athena.dir/outputs/formatted_table.cpp.o
2026-05-30 05:39:05,515|INFO:athena.make: [ 57%] Building CXX object src/CMakeFiles/athena.dir/outputs/history.cpp.o
2026-05-30 05:39:05,545|INFO:athena.make: [ 57%] Building CXX object src/CMakeFiles/athena.dir/outputs/restart.cpp.o
2026-05-30 05:39:05,548|INFO:athena.make: [ 58%] Building CXX object src/CMakeFiles/athena.dir/outputs/spherical_surface.cpp.o
2026-05-30 05:39:05,614|INFO:athena.make: [ 58%] Building CXX object src/CMakeFiles/athena.dir/outputs/coarsened_binary.cpp.o
2026-05-30 05:39:05,624|INFO:athena.make: [ 59%] Building CXX object src/CMakeFiles/athena.dir/outputs/df_prtcl.cpp.o
2026-05-30 05:39:05,910|INFO:athena.make: [ 59%] Building CXX object src/CMakeFiles/athena.dir/outputs/dxhist_prtcl.cpp.o
2026-05-30 05:39:05,987|INFO:athena.make: [ 60%] Building CXX object src/CMakeFiles/athena.dir/outputs/pos_prtcl.cpp.o
2026-05-30 05:39:06,685|INFO:athena.make: [ 60%] Building CXX object src/CMakeFiles/athena.dir/outputs/rst_prtcl.cpp.o
2026-05-30 05:39:06,758|INFO:athena.make: [ 61%] Building CXX object src/CMakeFiles/athena.dir/outputs/track_prtcl.cpp.o
2026-05-30 05:39:06,790|INFO:athena.make: [ 62%] Building CXX object src/CMakeFiles/athena.dir/outputs/vtk_mesh.cpp.o
2026-05-30 05:39:07,284|INFO:athena.make: [ 62%] Building CXX object src/CMakeFiles/athena.dir/outputs/vtk_prtcl.cpp.o
2026-05-30 05:39:07,369|INFO:athena.make: [ 63%] Building CXX object src/CMakeFiles/athena.dir/particles/particles.cpp.o
2026-05-30 05:39:07,444|INFO:athena.make: [ 63%] Building CXX object src/CMakeFiles/athena.dir/particles/particles_pushers.cpp.o
2026-05-30 05:39:07,444|INFO:athena.make: [ 64%] Building CXX object src/CMakeFiles/athena.dir/particles/particles_tasks.cpp.o
2026-05-30 05:39:07,627|INFO:athena.make: [ 64%] Building CXX object src/CMakeFiles/athena.dir/outputs/pdf.cpp.o
2026-05-30 05:39:07,980|INFO:athena.make: [ 65%] Building CXX object src/CMakeFiles/athena.dir/pgen/pgen.cpp.o
2026-05-30 05:39:08,135|INFO:athena.make: [ 65%] Building CXX object src/CMakeFiles/athena.dir/pgen/part_random.cpp.o
2026-05-30 05:39:08,296|INFO:athena.make: [ 66%] Building CXX object src/CMakeFiles/athena.dir/pgen/tests/advection.cpp.o
2026-05-30 05:39:08,532|INFO:athena.make: [ 67%] Building CXX object src/CMakeFiles/athena.dir/pgen/tests/collapse.cpp.o
2026-05-30 05:39:08,741|INFO:athena.make: [ 67%] Building CXX object src/CMakeFiles/athena.dir/pgen/tests/cpaw.cpp.o
2026-05-30 05:39:09,251|INFO:athena.make: [ 68%] Building CXX object src/CMakeFiles/athena.dir/pgen/tests/cshock.cpp.o
2026-05-30 05:39:09,317|INFO:athena.make: [ 68%] Building CXX object src/CMakeFiles/athena.dir/pgen/tests/divb_amr.cpp.o
2026-05-30 05:39:09,378|INFO:athena.make: [ 69%] Building CXX object src/CMakeFiles/athena.dir/pgen/tests/diffusion.cpp.o
2026-05-30 05:39:09,571|INFO:athena.make: [ 69%] Building CXX object src/CMakeFiles/athena.dir/pgen/tests/gr_bondi.cpp.o
2026-05-30 05:39:10,004|INFO:athena.make: [ 70%] Building CXX object src/CMakeFiles/athena.dir/pgen/tests/gr_monopole.cpp.o
2026-05-30 05:39:10,203|INFO:athena.make: [ 70%] Building CXX object src/CMakeFiles/athena.dir/pgen/tests/linear_wave.cpp.o
2026-05-30 05:39:10,299|INFO:athena.make: [ 71%] Building CXX object src/CMakeFiles/athena.dir/pgen/tests/lw_implode.cpp.o
2026-05-30 05:39:10,402|INFO:athena.make: [ 72%] Building CXX object src/CMakeFiles/athena.dir/pgen/tests/orszag_tang.cpp.o
2026-05-30 05:39:10,525|INFO:athena.make: [ 72%] Building CXX object src/CMakeFiles/athena.dir/pgen/tests/mri3d.cpp.o
2026-05-30 05:39:10,769|INFO:athena.make: [ 73%] Building CXX object src/CMakeFiles/athena.dir/pgen/tests/shock_tube.cpp.o
2026-05-30 05:39:10,898|INFO:athena.make: [ 73%] Building CXX object src/CMakeFiles/athena.dir/pgen/tests/shwave.cpp.o
2026-05-30 05:39:11,089|INFO:athena.make: [ 74%] Building CXX object src/CMakeFiles/athena.dir/pgen/tests/rad_beam.cpp.o
2026-05-30 05:39:11,382|INFO:athena.make: [ 74%] Building CXX object src/CMakeFiles/athena.dir/pgen/tests/rad_linear_wave.cpp.o
2026-05-30 05:39:11,529|INFO:athena.make: [ 75%] Building CXX object src/CMakeFiles/athena.dir/pgen/tests/z4c_boosted_puncture.cpp.o
2026-05-30 05:39:11,995|INFO:athena.make: [ 75%] Building CXX object src/CMakeFiles/athena.dir/pgen/tests/z4c_linear_wave.cpp.o
2026-05-30 05:39:12,059|INFO:athena.make: [ 76%] Building CXX object src/CMakeFiles/athena.dir/radiation/radiation.cpp.o
2026-05-30 05:39:12,305|INFO:athena.make: [ 76%] Building CXX object src/CMakeFiles/athena.dir/radiation/radiation_fluxes.cpp.o
2026-05-30 05:39:12,325|INFO:athena.make: [ 77%] Building CXX object src/CMakeFiles/athena.dir/radiation/radiation_newdt.cpp.o
2026-05-30 05:39:12,452|INFO:athena.make: [ 78%] Building CXX object src/CMakeFiles/athena.dir/radiation/radiation_source.cpp.o
2026-05-30 05:39:12,457|INFO:athena.make: [ 78%] Building CXX object src/CMakeFiles/athena.dir/radiation/radiation_tasks.cpp.o
2026-05-30 05:39:12,480|INFO:athena.make: [ 79%] Building CXX object src/CMakeFiles/athena.dir/radiation/radiation_tetrad.cpp.o
2026-05-30 05:39:12,619|INFO:athena.make: [ 79%] Building CXX object src/CMakeFiles/athena.dir/radiation/radiation_update.cpp.o
2026-05-30 05:39:13,254|INFO:athena.make: [ 80%] Building CXX object src/CMakeFiles/athena.dir/shearing_box/orbital_advection.cpp.o
2026-05-30 05:39:13,323|INFO:athena.make: [ 80%] Building CXX object src/CMakeFiles/athena.dir/shearing_box/orbital_advection_cc.cpp.o
2026-05-30 05:39:13,425|INFO:athena.make: [ 81%] Building CXX object src/CMakeFiles/athena.dir/shearing_box/orbital_advection_fc.cpp.o
2026-05-30 05:39:13,564|INFO:athena.make: [ 81%] Building CXX object src/CMakeFiles/athena.dir/shearing_box/orbital_advection_tasks.cpp.o
2026-05-30 05:39:13,571|INFO:athena.make: [ 82%] Building CXX object src/CMakeFiles/athena.dir/shearing_box/shearing_box.cpp.o
2026-05-30 05:39:13,721|INFO:athena.make: [ 83%] Building CXX object src/CMakeFiles/athena.dir/shearing_box/shearing_box_cc.cpp.o
2026-05-30 05:39:13,806|INFO:athena.make: [ 83%] Building CXX object src/CMakeFiles/athena.dir/shearing_box/shearing_box_fc.cpp.o
2026-05-30 05:39:14,123|INFO:athena.make: [ 84%] Building CXX object src/CMakeFiles/athena.dir/shearing_box/shearing_box_srcterms.cpp.o
2026-05-30 05:39:14,256|INFO:athena.make: [ 84%] Building CXX object src/CMakeFiles/athena.dir/shearing_box/shearing_box_tasks.cpp.o
2026-05-30 05:39:14,622|INFO:athena.make: [ 85%] Building CXX object src/CMakeFiles/athena.dir/srcterms/srcterms.cpp.o
2026-05-30 05:39:15,194|INFO:athena.make: [ 85%] Building CXX object src/CMakeFiles/athena.dir/srcterms/srcterms_newdt.cpp.o
2026-05-30 05:39:15,279|INFO:athena.make: [ 86%] Building CXX object src/CMakeFiles/athena.dir/srcterms/turb_driver.cpp.o
2026-05-30 05:39:15,483|INFO:athena.make: [ 86%] Building CXX object src/CMakeFiles/athena.dir/tasklist/numerical_relativity.cpp.o
2026-05-30 05:39:15,559|INFO:athena.make: [ 87%] Building CXX object src/CMakeFiles/athena.dir/units/units.cpp.o
2026-05-30 05:39:15,663|INFO:athena.make: [ 88%] Building CXX object src/CMakeFiles/athena.dir/utils/change_rundir.cpp.o
2026-05-30 05:39:15,943|INFO:athena.make: [ 88%] Building CXX object src/CMakeFiles/athena.dir/utils/derived_vars.cpp.o
2026-05-30 05:39:15,980|INFO:athena.make: [ 89%] Building CXX object src/CMakeFiles/athena.dir/utils/show_config.cpp.o
2026-05-30 05:39:16,054|INFO:athena.make: [ 89%] Building CXX object src/CMakeFiles/athena.dir/utils/lagrange_interpolator.cpp.o
2026-05-30 05:39:16,258|INFO:athena.make: [ 90%] Building CXX object src/CMakeFiles/athena.dir/utils/tov/tov.cpp.o
2026-05-30 05:39:16,315|INFO:athena.make: [ 90%] Building CXX object src/CMakeFiles/athena.dir/utils/tr_table.cpp.o
2026-05-30 05:39:16,319|INFO:athena.make: [ 91%] Building CXX object src/CMakeFiles/athena.dir/utils/cart_grid.cpp.o
2026-05-30 05:39:16,590|INFO:athena.make: [ 91%] Building CXX object src/CMakeFiles/athena.dir/utils/spherical_surface.cpp.o
2026-05-30 05:39:16,643|INFO:athena.make: [ 92%] Building CXX object src/CMakeFiles/athena.dir/z4c/compact_object_tracker.cpp.o
2026-05-30 05:39:17,009|INFO:athena.make: [ 93%] Building CXX object src/CMakeFiles/athena.dir/z4c/horizon_dump.cpp.o
2026-05-30 05:39:17,027|INFO:athena.make: [ 93%] Building CXX object src/CMakeFiles/athena.dir/z4c/tmunu.cpp.o
2026-05-30 05:39:17,037|INFO:athena.make: [ 94%] Building CXX object src/CMakeFiles/athena.dir/z4c/z4c.cpp.o
2026-05-30 05:39:17,474|INFO:athena.make: [ 94%] Building CXX object src/CMakeFiles/athena.dir/z4c/z4c_adm.cpp.o
2026-05-30 05:39:18,105|INFO:athena.make: [ 95%] Building CXX object src/CMakeFiles/athena.dir/z4c/z4c_calcrhs.cpp.o
2026-05-30 05:39:18,149|INFO:athena.make: [ 95%] Building CXX object src/CMakeFiles/athena.dir/z4c/z4c_newdt.cpp.o
2026-05-30 05:39:18,309|INFO:athena.make: [ 96%] Building CXX object src/CMakeFiles/athena.dir/z4c/z4c_tasks.cpp.o
2026-05-30 05:39:18,344|INFO:athena.make: [ 96%] Building CXX object src/CMakeFiles/athena.dir/z4c/z4c_update.cpp.o
2026-05-30 05:39:18,532|INFO:athena.make: [ 97%] Building CXX object src/CMakeFiles/athena.dir/z4c/z4c_gauge.cpp.o
2026-05-30 05:39:18,652|INFO:athena.make: [ 97%] Building CXX object src/CMakeFiles/athena.dir/z4c/z4c_Sbc.cpp.o
2026-05-30 05:39:18,958|INFO:athena.make: [ 98%] Building CXX object src/CMakeFiles/athena.dir/z4c/z4c_calculate_weyl_scalars.cpp.o
2026-05-30 05:39:19,470|INFO:athena.make: [ 99%] Building CXX object src/CMakeFiles/athena.dir/z4c/z4c_wave_extr.cpp.o
2026-05-30 05:39:19,532|INFO:athena.make: [ 99%] Building CXX object src/CMakeFiles/athena.dir/z4c/z4c_amr.cpp.o
2026-05-30 05:39:19,871|INFO:athena.make: [100%] Building CXX object src/CMakeFiles/athena.dir/z4c/cce/cce.cpp.o
2026-05-30 05:39:21,191|INFO:athena.make: [100%] Linking CXX executable athena
2026-05-30 05:39:21,262|INFO:athena.make: [100%] Built target athena
2026-05-30 05:39:21,273|DEBUG:athena.make: Build took 32.2 seconds.
2026-05-30 05:39:21,274|DEBUG:athena.mhd.mhd_divb_amr: Running test scripts.mhd.mhd_divb_amr
2026-05-30 05:39:21,274|DEBUG:athena.run: Executing: ./athena -i ../../../inputs/tests/divb_amr_1d.athinput job/basename=DivBAMR1D output1/dcycle=1
2026-05-30 05:39:21,476|INFO:athena.run:
2026-05-30 05:39:21,476|INFO:athena.run: Root grid = 8 x 1 x 1 MeshBlocks
2026-05-30 05:39:21,476|INFO:athena.run: Total number of MeshBlocks = 8
2026-05-30 05:39:21,476|INFO:athena.run: Number of logical  levels of refinement = 5 (6 levels total)
2026-05-30 05:39:21,476|INFO:athena.run: Number of physical levels of refinement = 2 (3 levels total)
2026-05-30 05:39:21,476|INFO:athena.run:   Physical level = 0 (logical level = 3): 8 MeshBlocks, cost = 8
2026-05-30 05:39:21,476|INFO:athena.run: Number of parallel ranks = 1
2026-05-30 05:39:21,477|INFO:athena.run:
2026-05-30 05:39:21,477|INFO:athena.run: Setup complete, executing task list(s)...
2026-05-30 05:39:21,477|INFO:athena.run:
2026-05-30 05:39:21,477|INFO:athena.run: elapsed=1.158292e-03 cycle=0 time=0.000000e+00 dt=9.312708e-04
2026-05-30 05:39:21,477|INFO:athena.run: elapsed=1.597417e-03 cycle=1 time=9.312708e-04 dt=4.655713e-04
2026-05-30 05:39:21,478|INFO:athena.run: elapsed=1.929334e-03 cycle=2 time=1.396842e-03 dt=2.328445e-04
2026-05-30 05:39:21,478|INFO:athena.run: elapsed=2.260292e-03 cycle=3 time=1.629687e-03 dt=2.327875e-04
2026-05-30 05:39:21,478|INFO:athena.run: elapsed=2.599375e-03 cycle=4 time=1.862474e-03 dt=2.327830e-04
2026-05-30 05:39:21,479|INFO:athena.run: elapsed=2.933209e-03 cycle=5 time=2.095257e-03 dt=2.327771e-04
2026-05-30 05:39:21,479|INFO:athena.run: elapsed=3.262917e-03 cycle=6 time=2.328034e-03 dt=2.327721e-04
2026-05-30 05:39:21,479|INFO:athena.run: elapsed=3.574000e-03 cycle=7 time=2.560806e-03 dt=2.327682e-04
2026-05-30 05:39:21,480|INFO:athena.run: elapsed=3.878917e-03 cycle=8 time=2.793574e-03 dt=2.327650e-04
2026-05-30 05:39:21,480|INFO:athena.run: elapsed=4.208667e-03 cycle=9 time=3.026339e-03 dt=2.327626e-04
2026-05-30 05:39:21,480|INFO:athena.run: elapsed=4.536292e-03 cycle=10 time=3.259102e-03 dt=2.327718e-04
2026-05-30 05:39:21,481|INFO:athena.run: elapsed=4.860709e-03 cycle=11 time=3.491874e-03 dt=2.327746e-04
2026-05-30 05:39:21,481|INFO:athena.run: elapsed=5.149167e-03 cycle=12 time=3.724648e-03 dt=2.327727e-04
2026-05-30 05:39:21,481|INFO:athena.run: elapsed=5.424750e-03 cycle=13 time=3.957421e-03 dt=2.327460e-04
2026-05-30 05:39:21,481|INFO:athena.run: elapsed=5.728292e-03 cycle=14 time=4.190167e-03 dt=2.327405e-04
2026-05-30 05:39:21,482|INFO:athena.run: elapsed=6.095209e-03 cycle=15 time=4.422908e-03 dt=2.327364e-04
2026-05-30 05:39:21,482|INFO:athena.run: elapsed=6.427417e-03 cycle=16 time=4.655644e-03 dt=2.327633e-04
2026-05-30 05:39:21,483|INFO:athena.run: elapsed=6.741500e-03 cycle=17 time=4.888407e-03 dt=2.327572e-04
2026-05-30 05:39:21,483|INFO:athena.run: elapsed=7.063917e-03 cycle=18 time=5.121165e-03 dt=2.327229e-04
2026-05-30 05:39:21,483|INFO:athena.run: elapsed=7.398292e-03 cycle=19 time=5.353888e-03 dt=2.327266e-04
2026-05-30 05:39:21,483|INFO:athena.run: elapsed=7.721209e-03 cycle=20 time=5.586614e-03 dt=2.327388e-04
2026-05-30 05:39:21,484|INFO:athena.run: elapsed=8.031709e-03 cycle=21 time=5.819353e-03 dt=2.327332e-04
2026-05-30 05:39:21,484|INFO:athena.run: elapsed=8.347292e-03 cycle=22 time=6.052086e-03 dt=2.327280e-04
2026-05-30 05:39:21,485|INFO:athena.run: elapsed=8.764750e-03 cycle=23 time=6.284814e-03 dt=2.327234e-04
2026-05-30 05:39:21,485|INFO:athena.run: elapsed=9.213500e-03 cycle=24 time=6.517538e-03 dt=2.327321e-04
2026-05-30 05:39:21,485|INFO:athena.run:
2026-05-30 05:39:21,485|INFO:athena.run: Terminating on cycle limit
2026-05-30 05:39:21,485|INFO:athena.run: time=6.517538e-03 cycle=24
2026-05-30 05:39:21,485|INFO:athena.run: tlim=1.000000e+00 nlim=24
2026-05-30 05:39:21,485|INFO:athena.run:
2026-05-30 05:39:21,485|INFO:athena.run: Current number of MeshBlocks = 27
2026-05-30 05:39:21,485|INFO:athena.run: 69 MeshBlocks created, 50 deleted by AMR
2026-05-30 05:39:21,485|INFO:athena.run:
2026-05-30 05:39:21,485|INFO:athena.run: MeshBlock-cycles = 572
2026-05-30 05:39:21,485|INFO:athena.run: cpu time used  = 8.059208e-03
2026-05-30 05:39:21,485|INFO:athena.run: zone-cycles/cpu_second = 5.677977e+05
2026-05-30 05:39:21,485|INFO:athena.run: particle-updates/cpu_second = 0.000000e+00
2026-05-30 05:39:21,486|DEBUG:athena.run: Executing: ./athena -i ../../../inputs/tests/divb_amr_2d.athinput job/basename=DivBAMR2D output1/dcycle=1
2026-05-30 05:39:21,490|INFO:athena.run:
2026-05-30 05:39:21,490|INFO:athena.run: Root grid = 6 x 6 x 1 MeshBlocks
2026-05-30 05:39:21,490|INFO:athena.run: Total number of MeshBlocks = 36
2026-05-30 05:39:21,490|INFO:athena.run: Number of logical  levels of refinement = 5 (6 levels total)
2026-05-30 05:39:21,490|INFO:athena.run: Number of physical levels of refinement = 2 (3 levels total)
2026-05-30 05:39:21,490|INFO:athena.run:   Physical level = 0 (logical level = 3): 36 MeshBlocks, cost = 36
2026-05-30 05:39:21,490|INFO:athena.run: Number of parallel ranks = 1
2026-05-30 05:39:21,496|INFO:athena.run:
2026-05-30 05:39:21,496|INFO:athena.run: Setup complete, executing task list(s)...
2026-05-30 05:39:21,496|INFO:athena.run:
2026-05-30 05:39:21,496|INFO:athena.run: elapsed=6.305708e-03 cycle=0 time=0.000000e+00 dt=1.215419e-03
2026-05-30 05:39:21,500|INFO:athena.run: elapsed=1.038992e-02 cycle=1 time=1.215419e-03 dt=6.080186e-04
2026-05-30 05:39:21,507|INFO:athena.run: elapsed=1.804137e-02 cycle=2 time=1.823438e-03 dt=3.038237e-04
2026-05-30 05:39:21,521|INFO:athena.run: elapsed=3.169104e-02 cycle=3 time=2.127261e-03 dt=3.037161e-04
2026-05-30 05:39:21,537|INFO:athena.run: elapsed=4.794925e-02 cycle=4 time=2.430977e-03 dt=3.034658e-04
2026-05-30 05:39:21,553|INFO:athena.run: elapsed=6.379667e-02 cycle=5 time=2.734443e-03 dt=3.032569e-04
2026-05-30 05:39:21,568|INFO:athena.run: elapsed=7.892492e-02 cycle=6 time=3.037700e-03 dt=3.031922e-04
2026-05-30 05:39:21,581|INFO:athena.run: elapsed=9.167321e-02 cycle=7 time=3.340892e-03 dt=3.030071e-04
2026-05-30 05:39:21,594|INFO:athena.run: elapsed=1.048538e-01 cycle=8 time=3.643899e-03 dt=3.028079e-04
2026-05-30 05:39:21,609|INFO:athena.run: elapsed=1.195271e-01 cycle=9 time=3.946707e-03 dt=3.026073e-04
2026-05-30 05:39:21,623|INFO:athena.run: elapsed=1.340890e-01 cycle=10 time=4.249315e-03 dt=3.024185e-04
2026-05-30 05:39:21,636|INFO:athena.run: elapsed=1.467689e-01 cycle=11 time=4.551733e-03 dt=3.024295e-04
2026-05-30 05:39:21,648|INFO:athena.run: elapsed=1.584619e-01 cycle=12 time=4.854163e-03 dt=3.022924e-04
2026-05-30 05:39:21,660|INFO:athena.run: elapsed=1.705908e-01 cycle=13 time=5.156455e-03 dt=3.019617e-04
2026-05-30 05:39:21,673|INFO:athena.run: elapsed=1.839311e-01 cycle=14 time=5.458417e-03 dt=3.017146e-04
2026-05-30 05:39:21,687|INFO:athena.run: elapsed=1.971622e-01 cycle=15 time=5.760131e-03 dt=3.018758e-04
2026-05-30 05:39:21,701|INFO:athena.run: elapsed=2.114447e-01 cycle=16 time=6.062007e-03 dt=3.013591e-04
2026-05-30 05:39:21,715|INFO:athena.run: elapsed=2.256477e-01 cycle=17 time=6.363366e-03 dt=3.011096e-04
2026-05-30 05:39:21,731|INFO:athena.run: elapsed=2.413184e-01 cycle=18 time=6.664476e-03 dt=3.013239e-04
2026-05-30 05:39:21,744|INFO:athena.run: elapsed=2.548550e-01 cycle=19 time=6.965800e-03 dt=3.012483e-04
2026-05-30 05:39:21,758|INFO:athena.run: elapsed=2.688211e-01 cycle=20 time=7.267048e-03 dt=3.005987e-04
2026-05-30 05:39:21,758|INFO:athena.run:
2026-05-30 05:39:21,758|INFO:athena.run: Terminating on cycle limit
2026-05-30 05:39:21,758|INFO:athena.run: time=7.267048e-03 cycle=20
2026-05-30 05:39:21,758|INFO:athena.run: tlim=1.000000e+00 nlim=20
2026-05-30 05:39:21,758|INFO:athena.run:
2026-05-30 05:39:21,758|INFO:athena.run: Current number of MeshBlocks = 252
2026-05-30 05:39:21,758|INFO:athena.run: 1311 MeshBlocks created, 1095 deleted by AMR
2026-05-30 05:39:21,758|INFO:athena.run:
2026-05-30 05:39:21,758|INFO:athena.run: MeshBlock-cycles = 4128
2026-05-30 05:39:21,758|INFO:athena.run: cpu time used  = 2.625198e-01
2026-05-30 05:39:21,758|INFO:athena.run: zone-cycles/cpu_second = 1.006370e+06
2026-05-30 05:39:21,758|INFO:athena.run: particle-updates/cpu_second = 0.000000e+00
2026-05-30 05:39:21,760|DEBUG:athena.run: Executing: ./athena -i ../../../inputs/tests/divb_amr_3d.athinput job/basename=DivBAMR3DL1 output1/dcycle=1 mesh_refinement/num_levels=2 problem/refine_levels=1 mesh_refinement/max_nmb_per_rank=65536 time/nlim=8
2026-05-30 05:39:21,763|INFO:athena.run:
2026-05-30 05:39:21,764|INFO:athena.run: Root grid = 4 x 4 x 4 MeshBlocks
2026-05-30 05:39:21,764|INFO:athena.run: Total number of MeshBlocks = 64
2026-05-30 05:39:21,764|INFO:athena.run: Number of logical  levels of refinement = 3 (4 levels total)
2026-05-30 05:39:21,764|INFO:athena.run: Number of physical levels of refinement = 1 (2 levels total)
2026-05-30 05:39:21,764|INFO:athena.run: Number of parallel ranks = 1
2026-05-30 05:39:27,146|INFO:athena.run:
2026-05-30 05:39:27,146|INFO:athena.run: Setup complete, executing task list(s)...
2026-05-30 05:39:27,146|INFO:athena.run:
2026-05-30 05:39:27,146|INFO:athena.run: elapsed=5.382809e+00 cycle=0 time=0.000000e+00 dt=1.799252e-03
2026-05-30 05:39:28,525|INFO:athena.run: elapsed=6.761619e+00 cycle=1 time=1.799252e-03 dt=8.943882e-04
2026-05-30 05:39:29,691|INFO:athena.run: elapsed=7.927945e+00 cycle=2 time=2.693640e-03 dt=8.919607e-04
2026-05-30 05:39:30,888|INFO:athena.run: elapsed=9.124444e+00 cycle=3 time=3.585601e-03 dt=8.898523e-04
2026-05-30 05:39:32,060|INFO:athena.run: elapsed=1.029653e+01 cycle=4 time=4.475453e-03 dt=8.871049e-04
2026-05-30 05:39:33,256|INFO:athena.run: elapsed=1.149275e+01 cycle=5 time=5.362558e-03 dt=8.852122e-04
2026-05-30 05:39:34,452|INFO:athena.run: elapsed=1.268878e+01 cycle=6 time=6.247771e-03 dt=8.829916e-04
2026-05-30 05:39:35,628|INFO:athena.run: elapsed=1.386489e+01 cycle=7 time=7.130762e-03 dt=8.811325e-04
2026-05-30 05:39:36,790|INFO:athena.run: elapsed=1.502671e+01 cycle=8 time=8.011895e-03 dt=8.808533e-04
2026-05-30 05:39:36,790|INFO:athena.run:
2026-05-30 05:39:36,790|INFO:athena.run: Terminating on cycle limit
2026-05-30 05:39:36,790|INFO:athena.run: time=8.011895e-03 cycle=8
2026-05-30 05:39:36,791|INFO:athena.run: tlim=1.000000e+00 nlim=8
2026-05-30 05:39:36,791|INFO:athena.run:
2026-05-30 05:39:36,791|INFO:athena.run: Current number of MeshBlocks = 183
2026-05-30 05:39:36,791|INFO:athena.run: 483 MeshBlocks created, 364 deleted by AMR
2026-05-30 05:39:36,791|INFO:athena.run:
2026-05-30 05:39:36,791|INFO:athena.run: MeshBlock-cycles = 1450
2026-05-30 05:39:36,791|INFO:athena.run: cpu time used  = 9.643909e+00
2026-05-30 05:39:36,791|INFO:athena.run: zone-cycles/cpu_second = 7.698123e+04
2026-05-30 05:39:36,791|INFO:athena.run: particle-updates/cpu_second = 0.000000e+00
2026-05-30 05:39:37,657|DEBUG:athena.run: Executing: ./athena -i ../../../inputs/tests/divb_amr_3d.athinput job/basename=DivBAMR3DL2 output1/dcycle=1 mesh_refinement/num_levels=3 problem/refine_levels=2 mesh_refinement/max_nmb_per_rank=65536 time/nlim=8
2026-05-30 05:39:37,662|INFO:athena.run:
2026-05-30 05:39:37,662|INFO:athena.run: Root grid = 4 x 4 x 4 MeshBlocks
2026-05-30 05:39:37,662|INFO:athena.run: Total number of MeshBlocks = 64
2026-05-30 05:39:37,662|INFO:athena.run: Number of logical  levels of refinement = 4 (5 levels total)
2026-05-30 05:39:37,662|INFO:athena.run: Number of physical levels of refinement = 2 (3 levels total)
2026-05-30 05:39:37,662|INFO:athena.run:   Physical level = 0 (logical level = 2): 64 MeshBlocks, cost = 64
2026-05-30 05:39:37,662|INFO:athena.run: Number of parallel ranks = 1
2026-05-30 05:39:42,733|INFO:athena.run:
2026-05-30 05:39:42,733|INFO:athena.run: Setup complete, executing task list(s)...
2026-05-30 05:39:42,733|INFO:athena.run:
2026-05-30 05:39:42,733|INFO:athena.run: elapsed=5.070772e+00 cycle=0 time=0.000000e+00 dt=1.799252e-03
2026-05-30 05:39:44,067|INFO:athena.run: elapsed=6.405308e+00 cycle=1 time=1.799252e-03 dt=8.943882e-04
2026-05-30 05:39:45,234|INFO:athena.run: elapsed=7.572400e+00 cycle=2 time=2.693640e-03 dt=4.453844e-04
2026-05-30 05:39:46,799|INFO:athena.run: elapsed=9.136587e+00 cycle=3 time=3.139025e-03 dt=4.450216e-04
2026-05-30 05:39:48,417|INFO:athena.run: elapsed=1.075472e+01 cycle=4 time=3.584046e-03 dt=4.439107e-04
2026-05-30 05:39:49,989|INFO:athena.run: elapsed=1.232723e+01 cycle=5 time=4.027957e-03 dt=4.436005e-04
2026-05-30 05:39:51,608|INFO:athena.run: elapsed=1.394598e+01 cycle=6 time=4.471558e-03 dt=4.425816e-04
2026-05-30 05:39:53,170|INFO:athena.run: elapsed=1.550773e+01 cycle=7 time=4.914139e-03 dt=4.436470e-04
2026-05-30 05:39:54,761|INFO:athena.run: elapsed=1.709867e+01 cycle=8 time=5.357786e-03 dt=4.435250e-04
2026-05-30 05:39:54,761|INFO:athena.run:
2026-05-30 05:39:54,761|INFO:athena.run: Terminating on cycle limit
2026-05-30 05:39:54,761|INFO:athena.run: time=5.357786e-03 cycle=8
2026-05-30 05:39:54,761|INFO:athena.run: tlim=1.000000e+00 nlim=8
2026-05-30 05:39:54,761|INFO:athena.run:
2026-05-30 05:39:54,761|INFO:athena.run: Current number of MeshBlocks = 778
2026-05-30 05:39:54,761|INFO:athena.run: 2387 MeshBlocks created, 1673 deleted by AMR
2026-05-30 05:39:54,761|INFO:athena.run:
2026-05-30 05:39:54,761|INFO:athena.run: MeshBlock-cycles = 5426
2026-05-30 05:39:54,761|INFO:athena.run: cpu time used  = 1.202791e+01
2026-05-30 05:39:54,761|INFO:athena.run: zone-cycles/cpu_second = 2.309722e+05
2026-05-30 05:39:54,761|INFO:athena.run: particle-updates/cpu_second = 0.000000e+00
2026-05-30 05:39:55,453|DEBUG:athena.run: Executing: ./athena -i ../../../inputs/tests/divb_amr_3d.athinput job/basename=DivBAMR3DL3 output1/dcycle=1 mesh_refinement/num_levels=4 problem/refine_levels=3 mesh_refinement/max_nmb_per_rank=65536 time/nlim=8
2026-05-30 05:39:55,457|INFO:athena.run:
2026-05-30 05:39:55,457|INFO:athena.run: Root grid = 4 x 4 x 4 MeshBlocks
2026-05-30 05:39:55,457|INFO:athena.run: Total number of MeshBlocks = 64
2026-05-30 05:39:55,457|INFO:athena.run: Number of logical  levels of refinement = 5 (6 levels total)
2026-05-30 05:39:55,457|INFO:athena.run: Number of physical levels of refinement = 3 (4 levels total)
2026-05-30 05:39:55,457|INFO:athena.run:   Physical level = 0 (logical level = 2): 64 MeshBlocks, cost = 64
2026-05-30 05:39:55,457|INFO:athena.run: Number of parallel ranks = 1
2026-05-30 05:40:00,129|INFO:athena.run:
2026-05-30 05:40:00,129|INFO:athena.run: Setup complete, executing task list(s)...
2026-05-30 05:40:00,129|INFO:athena.run:
2026-05-30 05:40:00,129|INFO:athena.run: elapsed=4.672546e+00 cycle=0 time=0.000000e+00 dt=1.799252e-03
2026-05-30 05:40:01,478|INFO:athena.run: elapsed=6.021777e+00 cycle=1 time=1.799252e-03 dt=8.943882e-04
2026-05-30 05:40:02,645|INFO:athena.run: elapsed=7.188821e+00 cycle=2 time=2.693640e-03 dt=4.453844e-04
2026-05-30 05:40:04,376|INFO:athena.run: elapsed=8.919872e+00 cycle=3 time=3.139025e-03 dt=2.243059e-04
2026-05-30 05:40:06,852|INFO:athena.run: elapsed=1.139598e+01 cycle=4 time=3.363331e-03 dt=2.220719e-04
2026-05-30 05:40:09,838|INFO:athena.run: elapsed=1.438186e+01 cycle=5 time=3.585403e-03 dt=2.219340e-04
2026-05-30 05:40:13,073|INFO:athena.run: elapsed=1.761644e+01 cycle=6 time=3.807337e-03 dt=2.216269e-04
2026-05-30 05:40:16,218|INFO:athena.run: elapsed=2.076112e+01 cycle=7 time=4.028964e-03 dt=2.225701e-04
2026-05-30 05:40:19,027|INFO:athena.run: elapsed=2.357044e+01 cycle=8 time=4.251534e-03 dt=2.227666e-04
2026-05-30 05:40:19,027|INFO:athena.run:
2026-05-30 05:40:19,027|INFO:athena.run: Terminating on cycle limit
2026-05-30 05:40:19,027|INFO:athena.run: time=4.251534e-03 cycle=8
2026-05-30 05:40:19,027|INFO:athena.run: tlim=1.000000e+00 nlim=8
2026-05-30 05:40:19,027|INFO:athena.run:
2026-05-30 05:40:19,027|INFO:athena.run: Current number of MeshBlocks = 3382
2026-05-30 05:40:19,027|INFO:athena.run: 10164 MeshBlocks created, 6846 deleted by AMR
2026-05-30 05:40:19,027|INFO:athena.run:
2026-05-30 05:40:19,027|INFO:athena.run: MeshBlock-cycles = 16157
2026-05-30 05:40:19,027|INFO:athena.run: cpu time used  = 1.889790e+01
2026-05-30 05:40:19,027|INFO:athena.run: zone-cycles/cpu_second = 4.377408e+05
2026-05-30 05:40:19,027|INFO:athena.run: particle-updates/cpu_second = 0.000000e+00
2026-05-30 05:40:19,577|DEBUG:athena.run: Executing: ./athena -i ../../../inputs/tests/divb_amr_3d.athinput job/basename=DivBAMR3DL4 output1/dcycle=1 mesh_refinement/num_levels=5 problem/refine_levels=4 mesh_refinement/max_nmb_per_rank=65536 time/nlim=8
2026-05-30 05:40:19,581|INFO:athena.run:
2026-05-30 05:40:19,581|INFO:athena.run: Root grid = 4 x 4 x 4 MeshBlocks
2026-05-30 05:40:19,581|INFO:athena.run: Total number of MeshBlocks = 64
2026-05-30 05:40:19,581|INFO:athena.run: Number of logical  levels of refinement = 6 (7 levels total)
2026-05-30 05:40:19,581|INFO:athena.run: Number of physical levels of refinement = 4 (5 levels total)
2026-05-30 05:40:19,581|INFO:athena.run:   Physical level = 0 (logical level = 2): 64 MeshBlocks, cost = 64
2026-05-30 05:40:19,581|INFO:athena.run: Number of parallel ranks = 1
2026-05-30 05:40:23,986|INFO:athena.run:
2026-05-30 05:40:23,987|INFO:athena.run: Setup complete, executing task list(s)...
2026-05-30 05:40:23,987|INFO:athena.run:
2026-05-30 05:40:23,987|INFO:athena.run: elapsed=4.406066e+00 cycle=0 time=0.000000e+00 dt=1.799252e-03
2026-05-30 05:40:25,316|INFO:athena.run: elapsed=5.735278e+00 cycle=1 time=1.799252e-03 dt=8.943882e-04
2026-05-30 05:40:26,461|INFO:athena.run: elapsed=6.880483e+00 cycle=2 time=2.693640e-03 dt=4.453844e-04
2026-05-30 05:40:28,172|INFO:athena.run: elapsed=8.591941e+00 cycle=3 time=3.139025e-03 dt=2.243059e-04
2026-05-30 05:40:30,853|INFO:athena.run: elapsed=1.127290e+01 cycle=4 time=3.363331e-03 dt=1.121987e-04
2026-05-30 05:40:34,977|INFO:athena.run: elapsed=1.539681e+01 cycle=5 time=3.475529e-03 dt=1.118580e-04
2026-05-30 05:40:41,154|INFO:athena.run: elapsed=2.157378e+01 cycle=6 time=3.587387e-03 dt=1.116839e-04
2026-05-30 05:40:48,603|INFO:athena.run: elapsed=2.902283e+01 cycle=7 time=3.699071e-03 dt=1.114224e-04
2026-05-30 05:40:56,524|INFO:athena.run: elapsed=3.694340e+01 cycle=8 time=3.810494e-03 dt=1.116744e-04
2026-05-30 05:40:56,524|INFO:athena.run:
2026-05-30 05:40:56,524|INFO:athena.run: Terminating on cycle limit
2026-05-30 05:40:56,524|INFO:athena.run: time=3.810494e-03 cycle=8
2026-05-30 05:40:56,524|INFO:athena.run: tlim=1.000000e+00 nlim=8
2026-05-30 05:40:56,524|INFO:athena.run:
2026-05-30 05:40:56,524|INFO:athena.run: Current number of MeshBlocks = 11810
2026-05-30 05:40:56,524|INFO:athena.run: 28952 MeshBlocks created, 17206 deleted by AMR
2026-05-30 05:40:56,524|INFO:athena.run:
2026-05-30 05:40:56,524|INFO:athena.run: MeshBlock-cycles = 35470
2026-05-30 05:40:56,524|INFO:athena.run: cpu time used  = 3.253734e+01
2026-05-30 05:40:56,524|INFO:athena.run: zone-cycles/cpu_second = 5.581476e+05
2026-05-30 05:40:56,524|INFO:athena.run: particle-updates/cpu_second = 0.000000e+00
2026-05-30 05:40:57,053|DEBUG:athena.run: Executing: ./athena -i ../../../inputs/tests/divb_amr_3d.athinput job/basename=DivBAMR3DL5 output1/dcycle=1 mesh_refinement/num_levels=6 problem/refine_levels=5 mesh_refinement/max_nmb_per_rank=65536 time/nlim=8
2026-05-30 05:40:57,057|INFO:athena.run:
2026-05-30 05:40:57,057|INFO:athena.run: Root grid = 4 x 4 x 4 MeshBlocks
2026-05-30 05:40:57,057|INFO:athena.run: Total number of MeshBlocks = 64
2026-05-30 05:40:57,057|INFO:athena.run: Number of logical  levels of refinement = 7 (8 levels total)
2026-05-30 05:40:57,057|INFO:athena.run: Number of physical levels of refinement = 5 (6 levels total)
2026-05-30 05:40:57,057|INFO:athena.run:   Physical level = 0 (logical level = 2): 64 MeshBlocks, cost = 64
2026-05-30 05:40:57,057|INFO:athena.run: Number of parallel ranks = 1
2026-05-30 05:41:01,396|INFO:athena.run:
2026-05-30 05:41:01,396|INFO:athena.run: Setup complete, executing task list(s)...
2026-05-30 05:41:01,396|INFO:athena.run:
2026-05-30 05:41:01,396|INFO:athena.run: elapsed=4.339873e+00 cycle=0 time=0.000000e+00 dt=1.799252e-03
2026-05-30 05:41:02,706|INFO:athena.run: elapsed=5.649875e+00 cycle=1 time=1.799252e-03 dt=8.943882e-04
2026-05-30 05:41:03,865|INFO:athena.run: elapsed=6.809094e+00 cycle=2 time=2.693640e-03 dt=4.453844e-04
2026-05-30 05:41:05,568|INFO:athena.run: elapsed=8.511891e+00 cycle=3 time=3.139025e-03 dt=2.243059e-04
2026-05-30 05:41:08,214|INFO:athena.run: elapsed=1.115834e+01 cycle=4 time=3.363331e-03 dt=1.121987e-04
2026-05-30 05:41:12,329|INFO:athena.run: elapsed=1.527272e+01 cycle=5 time=3.475529e-03 dt=5.809429e-05
2026-05-30 05:41:18,677|INFO:athena.run: elapsed=2.162104e+01 cycle=6 time=3.533624e-03 dt=5.632228e-05
2026-05-30 05:41:28,007|INFO:athena.run: elapsed=3.095044e+01 cycle=7 time=3.589946e-03 dt=5.636425e-05
2026-05-30 05:41:41,961|INFO:athena.run: elapsed=4.490485e+01 cycle=8 time=3.646310e-03 dt=5.621719e-05
2026-05-30 05:41:41,961|INFO:athena.run:
2026-05-30 05:41:41,961|INFO:athena.run: Terminating on cycle limit
2026-05-30 05:41:41,961|INFO:athena.run: time=3.646310e-03 cycle=8
2026-05-30 05:41:41,961|INFO:athena.run: tlim=1.000000e+00 nlim=8
2026-05-30 05:41:41,962|INFO:athena.run:
2026-05-30 05:41:41,962|INFO:athena.run: Current number of MeshBlocks = 30829
2026-05-30 05:41:41,962|INFO:athena.run: 50673 MeshBlocks created, 19908 deleted by AMR
2026-05-30 05:41:41,962|INFO:athena.run:
2026-05-30 05:41:41,962|INFO:athena.run: MeshBlock-cycles = 45571
2026-05-30 05:41:41,962|INFO:athena.run: cpu time used  = 4.056498e+01
2026-05-30 05:41:41,962|INFO:athena.run: zone-cycles/cpu_second = 5.751847e+05
2026-05-30 05:41:41,962|INFO:athena.run: particle-updates/cpu_second = 0.000000e+00
2026-05-30 05:41:42,535|DEBUG:athena.mhd.mhd_divb_amr: Analyzing test scripts.mhd.mhd_divb_amr
2026-05-30 05:41:42,537|DEBUG:athena.tests.mhd.mhd_divb_amr: Test mhd.mhd_divb_amr took 141 seconds to complete.
2026-05-30 05:41:42,537|INFO:athena: mhd.mhd_divb_amr test: run(), analyze() finished
2026-05-30 05:41:42,611|INFO:athena:
Results:
2026-05-30 05:41:42,611|INFO:athena:     mhd.mhd_divb_amr: passed; time elapsed: 141 s
2026-05-30 05:41:42,611|INFO:athena:
2026-05-30 05:41:42,611|INFO:athena: Summary: 1 out of 1 test passed
