a04bf754c9923049b89e1299f67a721b7ed6652f
100644 06ab87fddfb5312c8e7d1adb58d07ebef920cb58 1	src/mesh/mesh.cpp
100644 a78fe780094db1656792cc8b9ea775f3c079361b 2	src/mesh/mesh.cpp
100644 42d488e640175695678dc24398553abf6e7871d7 3	src/mesh/mesh.cpp
100644 d2009cca55238897b781b7236aeb3b3f7dd82702 1	src/mesh/mesh.hpp
100644 937d33ed1e83d9790cbb514b76507e33c9082ce1 2	src/mesh/mesh.hpp
100644 501663dd3db6f18a6f21684d12b5716a61af3006 3	src/mesh/mesh.hpp
100644 255737205f12fef59c3648322d5226bf33a59c77 1	src/outputs/outputs.cpp
100644 1f826b3c36d98a716a5c0a32b41fa25ea1c1fdc5 2	src/outputs/outputs.cpp
100644 20cdaee3d8a8cc15a7124fcff467610bcf9049c6 3	src/outputs/outputs.cpp
100644 f80928f35ff76e620abf01ce1952343cc985c5fe 1	src/outputs/outputs.hpp
100644 85f816d5bba33f3fb6c74e0ec214162a88a90041 2	src/outputs/outputs.hpp
100644 f4200f29380ea5fbc3b88d3988ab52fd634ce5fa 3	src/outputs/outputs.hpp
100644 680b0782237c17c8dbf64fdfe168af7ab4e43ce3 1	src/pgen/pgen.cpp
100644 12854e19b52507cfc3e2d0d903b99b45002e4beb 2	src/pgen/pgen.cpp
100644 05936fac787aab679a0e3bdc5b17055e9b3ebcbd 3	src/pgen/pgen.cpp

Auto-merging src/CMakeLists.txt
Auto-merging src/mesh/mesh.cpp
CONFLICT (content): Merge conflict in src/mesh/mesh.cpp
Auto-merging src/mesh/mesh.hpp
CONFLICT (content): Merge conflict in src/mesh/mesh.hpp
Auto-merging src/mesh/mesh_refinement.cpp
Auto-merging src/outputs/basetype_output.cpp
Auto-merging src/outputs/outputs.cpp
CONFLICT (content): Merge conflict in src/outputs/outputs.cpp
Auto-merging src/outputs/outputs.hpp
CONFLICT (content): Merge conflict in src/outputs/outputs.hpp
Auto-merging src/pgen/pgen.cpp
CONFLICT (content): Merge conflict in src/pgen/pgen.cpp
Auto-merging src/pgen/pgen.hpp

exit=1
