docs/source/modules/figures/cr_tracer_relativistic_acceleration/evidence/phase9_all_formats.log: OK
docs/source/modules/figures/cr_tracer_relativistic_acceleration/evidence/phase9_all_formats_debug.log: OK
docs/source/modules/figures/cr_tracer_relativistic_acceleration/evidence/phase9_all_formats_debug_metrics.json: OK
docs/source/modules/figures/cr_tracer_relativistic_acceleration/evidence/phase9_all_formats_metrics.json: OK
docs/source/modules/figures/cr_tracer_relativistic_acceleration/evidence/phase9_all_formats_portable_replay.log: OK
docs/source/modules/figures/cr_tracer_relativistic_acceleration/evidence/phase9_all_formats_portable_replay_bundle.tar.gz: OK
docs/source/modules/figures/cr_tracer_relativistic_acceleration/evidence/phase9_all_formats_portable_replay_bundle_inventory.txt: OK
docs/source/modules/figures/cr_tracer_relativistic_acceleration/evidence/phase9_artifact_privacy_scan.log: OK
docs/source/modules/figures/cr_tracer_relativistic_acceleration/evidence/phase9_branch_snapshot.txt: OK
docs/source/modules/figures/cr_tracer_relativistic_acceleration/evidence/phase9_commit_range_diff_check.log: OK
docs/source/modules/figures/cr_tracer_relativistic_acceleration/evidence/phase9_coupled_debug_CMakeCache.txt: OK
docs/source/modules/figures/cr_tracer_relativistic_acceleration/evidence/phase9_coupled_debug_build.log: OK
docs/source/modules/figures/cr_tracer_relativistic_acceleration/evidence/phase9_coupled_debug_configure.log: OK
docs/source/modules/figures/cr_tracer_relativistic_acceleration/evidence/phase9_coupled_debug_runtime.log: OK
docs/source/modules/figures/cr_tracer_relativistic_acceleration/evidence/phase9_coupled_debug_runtime_metrics.json: OK
docs/source/modules/figures/cr_tracer_relativistic_acceleration/evidence/phase9_coupled_negative_controls.log: OK
docs/source/modules/figures/cr_tracer_relativistic_acceleration/evidence/phase9_coupled_release_CMakeCache.txt: OK
docs/source/modules/figures/cr_tracer_relativistic_acceleration/evidence/phase9_coupled_release_build.log: OK
docs/source/modules/figures/cr_tracer_relativistic_acceleration/evidence/phase9_coupled_release_configure.log: OK
docs/source/modules/figures/cr_tracer_relativistic_acceleration/evidence/phase9_coupled_runtime.log: OK
docs/source/modules/figures/cr_tracer_relativistic_acceleration/evidence/phase9_coupled_runtime_metrics.json: OK
docs/source/modules/figures/cr_tracer_relativistic_acceleration/evidence/phase9_debug_CMakeCache.txt: OK
docs/source/modules/figures/cr_tracer_relativistic_acceleration/evidence/phase9_debug_build.log: OK
docs/source/modules/figures/cr_tracer_relativistic_acceleration/evidence/phase9_debug_configure.log: OK
docs/source/modules/figures/cr_tracer_relativistic_acceleration/evidence/phase9_deep_amr_divb.log: OK
docs/source/modules/figures/cr_tracer_relativistic_acceleration/evidence/phase9_diagnostics_debug_runtime.log: OK
docs/source/modules/figures/cr_tracer_relativistic_acceleration/evidence/phase9_diagnostics_debug_runtime_metrics.json: OK
docs/source/modules/figures/cr_tracer_relativistic_acceleration/evidence/phase9_diagnostics_negative_controls.log: OK
docs/source/modules/figures/cr_tracer_relativistic_acceleration/evidence/phase9_diagnostics_portable_runtime.log: OK
docs/source/modules/figures/cr_tracer_relativistic_acceleration/evidence/phase9_diagnostics_portable_runtime_metrics.json: OK
docs/source/modules/figures/cr_tracer_relativistic_acceleration/evidence/phase9_diagnostics_runtime.log: OK
docs/source/modules/figures/cr_tracer_relativistic_acceleration/evidence/phase9_diagnostics_runtime_metrics.json: OK
docs/source/modules/figures/cr_tracer_relativistic_acceleration/evidence/phase9_diagnostics_writer_adversarial.log: OK
docs/source/modules/figures/cr_tracer_relativistic_acceleration/evidence/phase9_gh_pages_overlay_build.log: OK
docs/source/modules/figures/cr_tracer_relativistic_acceleration/evidence/phase9_gh_pages_overlay_inventory.txt: OK
docs/source/modules/figures/cr_tracer_relativistic_acceleration/evidence/phase9_gpu_disposition.log: OK
docs/source/modules/figures/cr_tracer_relativistic_acceleration/evidence/phase9_legacy_accuracy_cpu.log: OK
docs/source/modules/figures/cr_tracer_relativistic_acceleration/evidence/phase9_legacy_accuracy_mpicpu.log: OK
docs/source/modules/figures/cr_tracer_relativistic_acceleration/evidence/phase9_legacy_cpu.log: OK
docs/source/modules/figures/cr_tracer_relativistic_acceleration/evidence/phase9_legacy_mpicpu.log: OK
docs/source/modules/figures/cr_tracer_relativistic_acceleration/evidence/phase9_merge_tree_origin_development.log: OK
docs/source/modules/figures/cr_tracer_relativistic_acceleration/evidence/phase9_migration_debug_metrics.json: OK
docs/source/modules/figures/cr_tracer_relativistic_acceleration/evidence/phase9_migration_debug_runtime.log: OK
docs/source/modules/figures/cr_tracer_relativistic_acceleration/evidence/phase9_migration_metrics.json: OK
docs/source/modules/figures/cr_tracer_relativistic_acceleration/evidence/phase9_migration_negative_controls.log: OK
docs/source/modules/figures/cr_tracer_relativistic_acceleration/evidence/phase9_migration_registration.log: OK
docs/source/modules/figures/cr_tracer_relativistic_acceleration/evidence/phase9_migration_registration_metrics.json: OK
docs/source/modules/figures/cr_tracer_relativistic_acceleration/evidence/phase9_migration_runtime.log: OK
docs/source/modules/figures/cr_tracer_relativistic_acceleration/evidence/phase9_mpi_debug_CMakeCache.txt: OK
docs/source/modules/figures/cr_tracer_relativistic_acceleration/evidence/phase9_mpi_debug_build.log: OK
docs/source/modules/figures/cr_tracer_relativistic_acceleration/evidence/phase9_mpi_debug_configure.log: OK
docs/source/modules/figures/cr_tracer_relativistic_acceleration/evidence/phase9_mpi_release_CMakeCache.txt: OK
docs/source/modules/figures/cr_tracer_relativistic_acceleration/evidence/phase9_mpi_release_build.log: OK
docs/source/modules/figures/cr_tracer_relativistic_acceleration/evidence/phase9_mpi_release_configure.log: OK
docs/source/modules/figures/cr_tracer_relativistic_acceleration/evidence/phase9_parser_contract.log: OK
docs/source/modules/figures/cr_tracer_relativistic_acceleration/evidence/phase9_portable_binary_privacy_scan.log: OK
docs/source/modules/figures/cr_tracer_relativistic_acceleration/evidence/phase9_portable_release_CMakeCache.txt: OK
docs/source/modules/figures/cr_tracer_relativistic_acceleration/evidence/phase9_portable_release_build.log: OK
docs/source/modules/figures/cr_tracer_relativistic_acceleration/evidence/phase9_portable_release_configure.log: OK
docs/source/modules/figures/cr_tracer_relativistic_acceleration/evidence/phase9_portable_replay.py: OK
docs/source/modules/figures/cr_tracer_relativistic_acceleration/evidence/phase9_portable_replay_README.md: OK
docs/source/modules/figures/cr_tracer_relativistic_acceleration/evidence/phase9_provenance_envelope.json: OK
docs/source/modules/figures/cr_tracer_relativistic_acceleration/evidence/phase9_provenance_envelope_verify.log: OK
docs/source/modules/figures/cr_tracer_relativistic_acceleration/evidence/phase9_public_solver_coupled_example.athinput: OK
docs/source/modules/figures/cr_tracer_relativistic_acceleration/evidence/phase9_public_solver_coupled_example_runtime.log: OK
docs/source/modules/figures/cr_tracer_relativistic_acceleration/evidence/phase9_pusher_release_CMakeCache.txt: OK
docs/source/modules/figures/cr_tracer_relativistic_acceleration/evidence/phase9_pusher_release_build.log: OK
docs/source/modules/figures/cr_tracer_relativistic_acceleration/evidence/phase9_pusher_release_configure.log: OK
docs/source/modules/figures/cr_tracer_relativistic_acceleration/evidence/phase9_pusher_runtime.log: OK
docs/source/modules/figures/cr_tracer_relativistic_acceleration/evidence/phase9_pusher_runtime_metrics.json: OK
docs/source/modules/figures/cr_tracer_relativistic_acceleration/evidence/phase9_qualification_command_log.md: OK
docs/source/modules/figures/cr_tracer_relativistic_acceleration/evidence/phase9_release_CMakeCache.txt: OK
docs/source/modules/figures/cr_tracer_relativistic_acceleration/evidence/phase9_release_build.log: OK
docs/source/modules/figures/cr_tracer_relativistic_acceleration/evidence/phase9_release_configure.log: OK
docs/source/modules/figures/cr_tracer_relativistic_acceleration/evidence/phase9_restart_debug_runtime.log: OK
docs/source/modules/figures/cr_tracer_relativistic_acceleration/evidence/phase9_restart_debug_runtime_metrics.json: OK
docs/source/modules/figures/cr_tracer_relativistic_acceleration/evidence/phase9_restart_runtime.log: OK
docs/source/modules/figures/cr_tracer_relativistic_acceleration/evidence/phase9_restart_runtime_metrics.json: OK
docs/source/modules/figures/cr_tracer_relativistic_acceleration/evidence/phase9_single_precision_CMakeCache.txt: OK
docs/source/modules/figures/cr_tracer_relativistic_acceleration/evidence/phase9_single_precision_build.log: OK
docs/source/modules/figures/cr_tracer_relativistic_acceleration/evidence/phase9_style.log: OK
docs/source/modules/figures/cr_tracer_relativistic_acceleration/evidence/phase9_subcycle_debug_runtime.log: OK
docs/source/modules/figures/cr_tracer_relativistic_acceleration/evidence/phase9_subcycle_debug_runtime_metrics.json: OK
docs/source/modules/figures/cr_tracer_relativistic_acceleration/evidence/phase9_subcycle_negative_control_metrics.json: OK
docs/source/modules/figures/cr_tracer_relativistic_acceleration/evidence/phase9_subcycle_negative_controls.log: OK
docs/source/modules/figures/cr_tracer_relativistic_acceleration/evidence/phase9_subcycle_runtime.log: OK
docs/source/modules/figures/cr_tracer_relativistic_acceleration/evidence/phase9_subcycle_runtime_metrics.json: OK
