docs/source/modules/figures/cr_tracer_relativistic_acceleration/evidence/phase8_branch_snapshot.txt: OK
docs/source/modules/figures/cr_tracer_relativistic_acceleration/evidence/phase8_command_log.txt: OK
docs/source/modules/figures/cr_tracer_relativistic_acceleration/evidence/phase8_diff_check.log: OK
docs/source/modules/figures/cr_tracer_relativistic_acceleration/evidence/phase8_legacy_accuracy_cpu.log: OK
docs/source/modules/figures/cr_tracer_relativistic_acceleration/evidence/phase8_legacy_accuracy_mpicpu.log: OK
docs/source/modules/figures/cr_tracer_relativistic_acceleration/evidence/phase8_legacy_cpu.log: OK
docs/source/modules/figures/cr_tracer_relativistic_acceleration/evidence/phase8_legacy_mpicpu.log: OK
docs/source/modules/figures/cr_tracer_relativistic_acceleration/evidence/phase8_migration_metrics.json: OK
docs/source/modules/figures/cr_tracer_relativistic_acceleration/evidence/phase8_migration_runtime.log: OK
docs/source/modules/figures/cr_tracer_relativistic_acceleration/evidence/phase8_mpicpu_CMakeCache.txt: OK
docs/source/modules/figures/cr_tracer_relativistic_acceleration/evidence/phase8_mpicpu_build.log: OK
docs/source/modules/figures/cr_tracer_relativistic_acceleration/evidence/phase8_negative_controls.log: OK
docs/source/modules/figures/cr_tracer_relativistic_acceleration/evidence/phase8_parser_contract.log: OK
docs/source/modules/figures/cr_tracer_relativistic_acceleration/evidence/phase8_pre_fence_metrics.json: OK
docs/source/modules/figures/cr_tracer_relativistic_acceleration/evidence/phase8_pre_fence_negative_controls.log: OK
docs/source/modules/figures/cr_tracer_relativistic_acceleration/evidence/phase8_pre_fence_registration.log: OK
docs/source/modules/figures/cr_tracer_relativistic_acceleration/evidence/phase8_pre_fence_runtime.log: OK
docs/source/modules/figures/cr_tracer_relativistic_acceleration/evidence/phase8_registration.log: OK
docs/source/modules/figures/cr_tracer_relativistic_acceleration/evidence/phase8_replay_bundle.tar.gz: OK
docs/source/modules/figures/cr_tracer_relativistic_acceleration/evidence/phase8_replay_bundle_inventory.txt: OK
docs/source/modules/figures/cr_tracer_relativistic_acceleration/evidence/phase8_replay_bundle_verify.log: OK
docs/source/modules/figures/cr_tracer_relativistic_acceleration/evidence/phase8_serial_CMakeCache.txt: OK
docs/source/modules/figures/cr_tracer_relativistic_acceleration/evidence/phase8_serial_build.log: OK
