[  3%] Building CXX object kokkos/core/src/CMakeFiles/kokkoscore.dir/impl/Kokkos_Abort.cpp.o
[  3%] Building CXX object kokkos/simd/src/CMakeFiles/kokkossimd.dir/Kokkos_SIMD_dummy.cpp.o
[  3%] Building CXX object kokkos/core/src/CMakeFiles/kokkoscore.dir/impl/Kokkos_CPUDiscovery.cpp.o
[  4%] Linking CXX static library libkokkossimd.a
-- Configured git information in /tmp/athenak-cr-phase9-release-redacted/kokkos/generated/Kokkos_Version_Info.cpp
[  4%] Built target AlwaysCheckGit
[  4%] Built target kokkossimd
[  4%] Building CXX object kokkos/core/src/CMakeFiles/kokkoscore.dir/impl/Kokkos_Command_Line_Parsing.cpp.o
[  5%] Building CXX object kokkos/CMakeFiles/impl_git_version.dir/__/generated/Kokkos_Version_Info.cpp.o
[  6%] Building CXX object kokkos/core/src/CMakeFiles/kokkoscore.dir/impl/Kokkos_Core.cpp.o
[  6%] Linking CXX static library libimpl_git_version.a
[  6%] Building CXX object kokkos/core/src/CMakeFiles/kokkoscore.dir/impl/Kokkos_Error.cpp.o
[  6%] Built target impl_git_version
[  7%] Building CXX object kokkos/core/src/CMakeFiles/kokkoscore.dir/impl/Kokkos_ExecPolicy.cpp.o
[  7%] Building CXX object kokkos/core/src/CMakeFiles/kokkoscore.dir/impl/Kokkos_HostBarrier.cpp.o
[  8%] Building CXX object kokkos/core/src/CMakeFiles/kokkoscore.dir/impl/Kokkos_HostSpace.cpp.o
[  8%] Building CXX object kokkos/core/src/CMakeFiles/kokkoscore.dir/impl/Kokkos_HostSpace_deepcopy.cpp.o
[  9%] Building CXX object kokkos/core/src/CMakeFiles/kokkoscore.dir/impl/Kokkos_HostThreadTeam.cpp.o
[ 10%] Building CXX object kokkos/core/src/CMakeFiles/kokkoscore.dir/impl/Kokkos_MemoryPool.cpp.o
[ 10%] Building CXX object kokkos/core/src/CMakeFiles/kokkoscore.dir/impl/Kokkos_Profiling.cpp.o
[ 11%] Building CXX object kokkos/core/src/CMakeFiles/kokkoscore.dir/impl/Kokkos_SharedAlloc.cpp.o
[ 11%] Building CXX object kokkos/core/src/CMakeFiles/kokkoscore.dir/impl/Kokkos_Stacktrace.cpp.o
[ 12%] Building CXX object kokkos/core/src/CMakeFiles/kokkoscore.dir/impl/Kokkos_hwloc.cpp.o
[ 12%] Building CXX object kokkos/core/src/CMakeFiles/kokkoscore.dir/Serial/Kokkos_Serial.cpp.o
[ 13%] Building CXX object kokkos/core/src/CMakeFiles/kokkoscore.dir/Serial/Kokkos_Serial_Task.cpp.o
[ 13%] Linking CXX static library libkokkoscore.a
[ 13%] Built target kokkoscore
[ 14%] Building CXX object kokkos/containers/src/CMakeFiles/kokkoscontainers.dir/impl/Kokkos_UnorderedMap_impl.cpp.o
[ 14%] Linking CXX static library libkokkoscontainers.a
[ 14%] Built target kokkoscontainers
[ 14%] Building CXX object src/CMakeFiles/athena.dir/main.cpp.o
[ 14%] Building CXX object src/CMakeFiles/athena.dir/parameter_input.cpp.o
[ 15%] Building CXX object src/CMakeFiles/athena.dir/globals.cpp.o
[ 16%] Building CXX object src/CMakeFiles/athena.dir/bvals/bvals.cpp.o
[ 16%] Building CXX object src/CMakeFiles/athena.dir/bvals/buffs_cc.cpp.o
[ 17%] Building CXX object src/CMakeFiles/athena.dir/bvals/buffs_fc.cpp.o
[ 17%] Building CXX object src/CMakeFiles/athena.dir/bvals/bvals_cc.cpp.o
[ 18%] Building CXX object src/CMakeFiles/athena.dir/bvals/bvals_fc.cpp.o
[ 18%] Building CXX object src/CMakeFiles/athena.dir/bvals/bvals_part.cpp.o
[ 19%] Building CXX object src/CMakeFiles/athena.dir/bvals/bvals_tasks.cpp.o
[ 20%] Building CXX object src/CMakeFiles/athena.dir/bvals/flux_correct_cc.cpp.o
[ 20%] Building CXX object src/CMakeFiles/athena.dir/bvals/flux_correct_fc.cpp.o
[ 21%] Building CXX object src/CMakeFiles/athena.dir/bvals/prolongation.cpp.o
[ 21%] Building CXX object src/CMakeFiles/athena.dir/bvals/prolong_prims.cpp.o
[ 22%] Building CXX object src/CMakeFiles/athena.dir/bvals/physics/hydro_bcs.cpp.o
[ 22%] Building CXX object src/CMakeFiles/athena.dir/bvals/physics/bfield_bcs.cpp.o
[ 23%] Building CXX object src/CMakeFiles/athena.dir/bvals/physics/radiation_bcs.cpp.o
[ 23%] Building CXX object src/CMakeFiles/athena.dir/bvals/physics/z4c_bcs.cpp.o
[ 24%] Building CXX object src/CMakeFiles/athena.dir/coordinates/adm.cpp.o
[ 25%] Building CXX object src/CMakeFiles/athena.dir/coordinates/coordinates.cpp.o
[ 25%] Building CXX object src/CMakeFiles/athena.dir/coordinates/excision.cpp.o
[ 25%] Building CXX object src/CMakeFiles/athena.dir/diffusion/resistivity.cpp.o
[ 26%] Building CXX object src/CMakeFiles/athena.dir/diffusion/conduction.cpp.o
[ 27%] Building CXX object src/CMakeFiles/athena.dir/diffusion/viscosity.cpp.o
[ 27%] Building CXX object src/CMakeFiles/athena.dir/driver/driver.cpp.o
[ 28%] Building CXX object src/CMakeFiles/athena.dir/dyn_grmhd/dyn_grmhd.cpp.o
[ 28%] Building CXX object src/CMakeFiles/athena.dir/dyn_grmhd/dyn_grmhd_fluxes.cpp.o
[ 29%] Building CXX object src/CMakeFiles/athena.dir/dyn_grmhd/dyn_grmhd_fofc.cpp.o
[ 30%] Building CXX object src/CMakeFiles/athena.dir/eos/eos.cpp.o
[ 30%] Building CXX object src/CMakeFiles/athena.dir/eos/ideal_hyd.cpp.o
[ 31%] Building CXX object src/CMakeFiles/athena.dir/eos/ideal_mhd.cpp.o
[ 31%] Building CXX object src/CMakeFiles/athena.dir/eos/isothermal_hyd.cpp.o
[ 32%] Building CXX object src/CMakeFiles/athena.dir/eos/isothermal_mhd.cpp.o
[ 32%] Building CXX object src/CMakeFiles/athena.dir/eos/ideal_srhyd.cpp.o
[ 33%] Building CXX object src/CMakeFiles/athena.dir/eos/ideal_grhyd.cpp.o
[ 33%] Building CXX object src/CMakeFiles/athena.dir/eos/ideal_srmhd.cpp.o
[ 34%] Building CXX object src/CMakeFiles/athena.dir/eos/ideal_grmhd.cpp.o
[ 34%] Building CXX object src/CMakeFiles/athena.dir/eos/noop_dyngrmhd.cpp.o
[ 35%] Building CXX object src/CMakeFiles/athena.dir/eos/primitive-solver/eos_compose.cpp.o
[ 36%] Building CXX object src/CMakeFiles/athena.dir/eos/primitive-solver/eos_hybrid.cpp.o
[ 36%] Building CXX object src/CMakeFiles/athena.dir/eos/primitive-solver/piecewise_polytrope.cpp.o
[ 37%] Building CXX object src/CMakeFiles/athena.dir/eos/primitive-solver/unit_system.cpp.o
[ 37%] Building CXX object src/CMakeFiles/athena.dir/geodesic-grid/geodesic_grid.cpp.o
[ 38%] Building CXX object src/CMakeFiles/athena.dir/geodesic-grid/spherical_grid.cpp.o
[ 38%] Building CXX object src/CMakeFiles/athena.dir/geodesic-grid/gauss_legendre.cpp.o
[ 39%] Building CXX object src/CMakeFiles/athena.dir/hydro/hydro.cpp.o
[ 39%] Building CXX object src/CMakeFiles/athena.dir/hydro/hydro_fluxes.cpp.o
[ 40%] Building CXX object src/CMakeFiles/athena.dir/hydro/hydro_fofc.cpp.o
[ 41%] Building CXX object src/CMakeFiles/athena.dir/hydro/hydro_newdt.cpp.o
[ 41%] Building CXX object src/CMakeFiles/athena.dir/hydro/hydro_tasks.cpp.o
[ 42%] Building CXX object src/CMakeFiles/athena.dir/hydro/hydro_update.cpp.o
