
Root grid = 1 x 1 x 1 MeshBlocks
Total number of MeshBlocks = 1
Number of logical  levels of refinement = 0 (1 levels total)
Number of physical levels of refinement = 0 (1 levels total)
Number of parallel ranks = 1

Setup complete, executing task list(s)...

elapsed=5.402080e-04 cycle=0 time=0.000000e+00 dt=2.000000e-01
Particle relativistic subcycling: steps=8 active_constraint=electric_kick cell_steps=2 meshblock_steps=1 gyro_steps=1 electric_steps=8
Particle performance push: pushed=1 sent=0 received=0 remapped=0 diagnostics=0 messages=0 bytes=0
elapsed=1.071666e-03 cycle=1 time=2.000000e-01 dt=1.333333e-01
Particle relativistic subcycling: steps=8 active_constraint=electric_kick cell_steps=2 meshblock_steps=1 gyro_steps=1 electric_steps=8
Particle performance push: pushed=1 sent=0 received=0 remapped=0 diagnostics=0 messages=0 bytes=0
elapsed=1.623333e-03 cycle=2 time=3.333333e-01 dt=1.090909e-01

Terminating on cycle limit
time=3.333333e-01 cycle=2
tlim=5.000000e-01 nlim=2

MeshBlock-cycles = 2
cpu time used  = 1.085083e-03
zone-cycles/cpu_second = 9.437066e+05
particle-updates/cpu_second = 1.843177e+03
