
Root grid = 1 x 1 x 1 MeshBlocks
Total number of MeshBlocks = 1
Number of logical  levels of refinement = 0 (1 levels total)
Number of physical levels of refinement = 0 (1 levels total)
Number of parallel ranks = 1

Setup complete, executing task list(s)...

elapsed=4.128750e-04 cycle=0 time=0.000000e+00 dt=2.500000e-02
elapsed=7.655000e-04 cycle=1 time=2.500000e-02 dt=2.500000e-02
elapsed=1.084583e-03 cycle=2 time=5.000000e-02 dt=2.500000e-02
elapsed=1.392458e-03 cycle=3 time=7.500000e-02 dt=2.500000e-02
elapsed=1.705416e-03 cycle=4 time=1.000000e-01 dt=2.500000e-02
elapsed=2.013291e-03 cycle=5 time=1.250000e-01 dt=2.500000e-02
elapsed=2.320416e-03 cycle=6 time=1.500000e-01 dt=2.500000e-02
elapsed=2.627916e-03 cycle=7 time=1.750000e-01 dt=2.500000e-02
elapsed=2.933250e-03 cycle=8 time=2.000000e-01 dt=2.775558e-17
elapsed=3.342916e-03 cycle=9 time=2.000000e-01 dt=5.551115e-17

Terminating on time limit
time=2.000000e-01 cycle=9
tlim=2.000000e-01 nlim=100

MeshBlock-cycles = 9
cpu time used  = 2.932709e-03
zone-cycles/cpu_second = 1.571244e+06
particle-updates/cpu_second = 3.068835e+03
