
Root grid = 1 x 1 x 1 MeshBlocks
Total number of MeshBlocks = 1
Number of logical  levels of refinement = 0 (1 levels total)
Number of physical levels of refinement = 0 (1 levels total)
Number of parallel ranks = 1

Setup complete, executing task list(s)...

elapsed=5.503330e-04 cycle=0 time=0.000000e+00 dt=2.015418e-03
elapsed=1.047500e-03 cycle=1 time=2.015418e-03 dt=2.015418e-03
elapsed=1.507625e-03 cycle=2 time=4.030836e-03 dt=2.015418e-03
elapsed=1.963083e-03 cycle=3 time=6.046254e-03 dt=2.015418e-03
elapsed=2.414458e-03 cycle=4 time=8.061672e-03 dt=2.015418e-03
elapsed=2.861875e-03 cycle=5 time=1.007709e-02 dt=2.015418e-03
elapsed=3.305291e-03 cycle=6 time=1.209251e-02 dt=2.015418e-03
elapsed=3.751833e-03 cycle=7 time=1.410793e-02 dt=2.015418e-03
elapsed=4.195541e-03 cycle=8 time=1.612334e-02 dt=2.015418e-03
elapsed=4.637375e-03 cycle=9 time=1.813876e-02 dt=2.015418e-03
elapsed=5.082375e-03 cycle=10 time=2.015418e-02 dt=2.015418e-03
elapsed=5.524583e-03 cycle=11 time=2.216960e-02 dt=2.015418e-03
elapsed=5.965500e-03 cycle=12 time=2.418501e-02 dt=2.015418e-03
elapsed=6.408166e-03 cycle=13 time=2.620043e-02 dt=2.015418e-03
elapsed=6.853708e-03 cycle=14 time=2.821585e-02 dt=2.015418e-03
elapsed=7.299458e-03 cycle=15 time=3.023127e-02 dt=2.015418e-03
elapsed=7.755458e-03 cycle=16 time=3.224669e-02 dt=2.015418e-03
elapsed=8.204583e-03 cycle=17 time=3.426210e-02 dt=2.015418e-03
elapsed=8.655291e-03 cycle=18 time=3.627752e-02 dt=2.015418e-03
elapsed=9.100958e-03 cycle=19 time=3.829294e-02 dt=2.015417e-03
elapsed=9.557958e-03 cycle=20 time=4.030836e-02 dt=2.015417e-03
elapsed=1.013738e-02 cycle=21 time=4.232377e-02 dt=2.015417e-03
elapsed=1.060442e-02 cycle=22 time=4.433919e-02 dt=2.015417e-03
elapsed=1.104308e-02 cycle=23 time=4.635461e-02 dt=2.015417e-03
elapsed=1.147825e-02 cycle=24 time=4.837002e-02 dt=2.015417e-03
elapsed=1.192462e-02 cycle=25 time=5.038544e-02 dt=2.015417e-03
elapsed=1.236092e-02 cycle=26 time=5.240086e-02 dt=2.015417e-03
elapsed=1.279412e-02 cycle=27 time=5.441628e-02 dt=2.015417e-03
elapsed=1.322788e-02 cycle=28 time=5.643169e-02 dt=2.015417e-03
elapsed=1.366050e-02 cycle=29 time=5.844711e-02 dt=2.015417e-03
elapsed=1.409408e-02 cycle=30 time=6.046253e-02 dt=2.015417e-03
elapsed=1.452754e-02 cycle=31 time=6.247795e-02 dt=2.015417e-03
elapsed=1.496125e-02 cycle=32 time=6.449336e-02 dt=2.015417e-03
elapsed=1.539396e-02 cycle=33 time=6.650878e-02 dt=2.015417e-03
elapsed=1.582604e-02 cycle=34 time=6.852420e-02 dt=2.015417e-03
elapsed=1.625942e-02 cycle=35 time=7.053961e-02 dt=2.015417e-03
elapsed=1.669142e-02 cycle=36 time=7.255503e-02 dt=2.015417e-03
elapsed=1.712433e-02 cycle=37 time=7.457045e-02 dt=2.015417e-03
elapsed=1.755704e-02 cycle=38 time=7.658587e-02 dt=2.015417e-03
elapsed=1.799404e-02 cycle=39 time=7.860128e-02 dt=2.015417e-03
elapsed=1.842933e-02 cycle=40 time=8.061670e-02 dt=2.015417e-03
elapsed=1.886192e-02 cycle=41 time=8.263212e-02 dt=2.015417e-03
elapsed=1.929508e-02 cycle=42 time=8.464753e-02 dt=2.015417e-03
elapsed=1.972938e-02 cycle=43 time=8.666295e-02 dt=2.015417e-03
elapsed=2.024650e-02 cycle=44 time=8.867837e-02 dt=2.015417e-03
elapsed=2.071621e-02 cycle=45 time=9.069378e-02 dt=2.015417e-03
elapsed=2.116529e-02 cycle=46 time=9.270920e-02 dt=2.015417e-03
elapsed=2.160833e-02 cycle=47 time=9.472462e-02 dt=2.015417e-03
elapsed=2.217179e-02 cycle=48 time=9.674003e-02 dt=2.015417e-03
elapsed=2.261588e-02 cycle=49 time=9.875545e-02 dt=2.015417e-03
elapsed=2.305179e-02 cycle=50 time=1.007709e-01 dt=2.015417e-03
elapsed=2.348917e-02 cycle=51 time=1.027863e-01 dt=2.015417e-03
elapsed=2.392508e-02 cycle=52 time=1.048017e-01 dt=2.015417e-03
elapsed=2.436054e-02 cycle=53 time=1.068171e-01 dt=2.015417e-03
elapsed=2.479308e-02 cycle=54 time=1.088325e-01 dt=2.015417e-03
elapsed=2.522592e-02 cycle=55 time=1.108480e-01 dt=2.015417e-03
elapsed=2.566004e-02 cycle=56 time=1.128634e-01 dt=2.015416e-03
elapsed=2.609729e-02 cycle=57 time=1.148788e-01 dt=2.015416e-03
elapsed=2.652925e-02 cycle=58 time=1.168942e-01 dt=2.015416e-03
elapsed=2.696625e-02 cycle=59 time=1.189096e-01 dt=2.015416e-03
elapsed=2.740004e-02 cycle=60 time=1.209250e-01 dt=2.015416e-03
elapsed=2.783487e-02 cycle=61 time=1.229404e-01 dt=2.015416e-03
elapsed=2.826729e-02 cycle=62 time=1.249559e-01 dt=2.015416e-03
elapsed=2.870167e-02 cycle=63 time=1.269713e-01 dt=2.015416e-03
elapsed=2.913646e-02 cycle=64 time=1.289867e-01 dt=2.015416e-03
elapsed=2.956913e-02 cycle=65 time=1.310021e-01 dt=2.015416e-03
elapsed=3.007500e-02 cycle=66 time=1.330175e-01 dt=2.015416e-03
elapsed=3.055033e-02 cycle=67 time=1.350329e-01 dt=2.015416e-03
elapsed=3.100025e-02 cycle=68 time=1.370484e-01 dt=2.015416e-03
elapsed=3.144604e-02 cycle=69 time=1.390638e-01 dt=2.015416e-03
elapsed=3.189263e-02 cycle=70 time=1.410792e-01 dt=2.015416e-03
elapsed=3.233625e-02 cycle=71 time=1.430946e-01 dt=2.015416e-03
elapsed=3.306563e-02 cycle=72 time=1.451100e-01 dt=2.015416e-03
elapsed=3.353121e-02 cycle=73 time=1.471254e-01 dt=2.015416e-03
elapsed=3.397467e-02 cycle=74 time=1.491409e-01 dt=8.591406e-04
elapsed=3.461492e-02 cycle=75 time=1.500000e-01 dt=1.718281e-03

Terminating on time limit
time=1.500000e-01 cycle=75
tlim=1.500000e-01 nlim=1000

MeshBlock-cycles = 75
cpu time used  = 3.406629e-02
zone-cycles/cpu_second = 1.127214e+06
particle-updates/cpu_second = 2.201590e+03
