
Root grid = 1 x 1 x 1 MeshBlocks
Total number of MeshBlocks = 1
Number of logical  levels of refinement = 0 (1 levels total)
Number of physical levels of refinement = 0 (1 levels total)
Number of parallel ranks = 1

Setup complete, executing task list(s)...

elapsed=5.085830e-04 cycle=0 time=0.000000e+00 dt=8.061672e-03
elapsed=9.875420e-04 cycle=1 time=8.061672e-03 dt=8.061670e-03
elapsed=1.435833e-03 cycle=2 time=1.612334e-02 dt=8.061669e-03
elapsed=1.881500e-03 cycle=3 time=2.418501e-02 dt=8.061667e-03
elapsed=2.325125e-03 cycle=4 time=3.224668e-02 dt=8.061665e-03
elapsed=2.765250e-03 cycle=5 time=4.030834e-02 dt=8.061663e-03
elapsed=3.204583e-03 cycle=6 time=4.837001e-02 dt=8.061662e-03
elapsed=3.644167e-03 cycle=7 time=5.643167e-02 dt=8.061660e-03
elapsed=4.082875e-03 cycle=8 time=6.449333e-02 dt=8.061658e-03
elapsed=4.522583e-03 cycle=9 time=7.255499e-02 dt=8.061656e-03
elapsed=4.961500e-03 cycle=10 time=8.061664e-02 dt=8.061655e-03
elapsed=5.400583e-03 cycle=11 time=8.867830e-02 dt=8.061653e-03
elapsed=5.839125e-03 cycle=12 time=9.673995e-02 dt=8.061651e-03
elapsed=6.272083e-03 cycle=13 time=1.048016e-01 dt=8.061649e-03
elapsed=6.705625e-03 cycle=14 time=1.128632e-01 dt=8.061648e-03
elapsed=7.138708e-03 cycle=15 time=1.209249e-01 dt=8.061646e-03
elapsed=7.571083e-03 cycle=16 time=1.289865e-01 dt=8.061644e-03
elapsed=8.055875e-03 cycle=17 time=1.370482e-01 dt=8.061642e-03
elapsed=8.534667e-03 cycle=18 time=1.451098e-01 dt=4.890171e-03
elapsed=9.194542e-03 cycle=19 time=1.500000e-01 dt=8.061640e-03

Terminating on time limit
time=1.500000e-01 cycle=19
tlim=1.500000e-01 nlim=1000

MeshBlock-cycles = 19
cpu time used  = 8.688542e-03
zone-cycles/cpu_second = 1.119636e+06
particle-updates/cpu_second = 2.186788e+03
