
Root grid = 2 x 2 x 2 MeshBlocks
Total number of MeshBlocks = 8
Number of logical  levels of refinement = 2 (3 levels total)
Number of physical levels of refinement = 1 (2 levels total)
Number of parallel ranks = 4
  Rank = 0: 2 MeshBlocks, cost = 2
  Rank = 1: 2 MeshBlocks, cost = 2
  Rank = 2: 2 MeshBlocks, cost = 2
  Rank = 3: 2 MeshBlocks, cost = 2
Load Balancing:
  Maximum normalized cost = 1, Average = 1

Setup complete, executing task list(s)...

elapsed=1.550413e-02 cycle=0 time=0.000000e+00 dt=1.309821e-02
elapsed=2.352633e-02 cycle=1 time=1.309821e-02 dt=6.459868e-03
elapsed=3.437517e-02 cycle=2 time=1.955808e-02 dt=6.412439e-03
elapsed=4.813517e-02 cycle=3 time=2.597052e-02 dt=6.374722e-03

Terminating on cycle limit
time=2.597052e-02 cycle=3
tlim=5.000000e-02 nlim=3

Current number of MeshBlocks = 43
56 MeshBlocks created, 21 deleted by AMR
11 communicated for load balancing, load balancing efficiency = 1.000000e+00

MeshBlock-cycles = 136
cpu time used  = 3.263992e-02
zone-cycles/cpu_second = 2.133339e+06
particle-updates/cpu_second = 5.882368e+03
