
Root grid = 2 x 2 x 2 MeshBlocks
Total number of MeshBlocks = 8
Number of logical  levels of refinement = 1 (2 levels total)
Number of physical levels of refinement = 0 (1 levels total)
Number of parallel ranks = 4
  Rank = 0: 2 MeshBlocks, cost = 2
  Rank = 1: 2 MeshBlocks, cost = 2
  Rank = 2: 2 MeshBlocks, cost = 2
  Rank = 3: 2 MeshBlocks, cost = 2
Load Balancing:
  Maximum normalized cost = 1, Average = 1

Setup complete, executing task list(s)...

elapsed=1.225154e-02 cycle=0 time=0.000000e+00 dt=4.364358e-02

Terminating on cycle limit
time=0.000000e+00 cycle=0
tlim=1.000000e-01 nlim=0

MeshBlock-cycles = 0
cpu time used  = 3.856250e-04
zone-cycles/cpu_second = 0.000000e+00
particle-updates/cpu_second = 0.000000e+00
